Server version: 5.1.49-1ubuntu8.1
PRODUCT FROM DATABASE: 
**** Product Id: 1630
**** Title: Nintendo Wii Motion Plus + Funda Silicona Originales U.s.a - U$S 35,99 en MercadoLibre
**** Price: U$S 35.99
**** Sold: 74
**** Max Sales: 0 Date 2011-09-06
**** Min Sales: 0 Date 2011-09-06
**** Link: http://articulo.mercadolibre.com.ar/MLA-121187009-nintendo-wii-motion-plus-funda-silicona-originales-usa-_JM
**** Updated: 2011-09-06
update crawler set sold=75,maxsoldday=1,leastsoldday=1,updated=DATE(NOW()),localcost=35.99,chinacost=0,maxsolddate=DATE(NOW()),minsolddate='2011-09-06' where link='http://articulo.mercadolibre.com.ar/MLA-121187009-nintendo-wii-motion-plus-funda-silicona-originales-usa-_JM';
PRODUCT FROM DATABASE: 
**** Product Id: 1631
**** Title: 40 Souvenirs Perfumes Para Cumples Infantiles - $ 200,00 en MercadoLibre
**** Price: $ 200
**** Sold: 2
**** Max Sales: 0 Date 2011-09-04
**** Min Sales: 0 Date 2011-09-06
**** Link: http://articulo.mercadolibre.com.ar/MLA-125189465-40-souvenirs-perfumes-para-cumples-infantiles-_JM
**** Updated: 2011-09-06
update crawler set sold=2,maxsoldday=0,leastsoldday=0,updated=DATE(NOW()),localcost=200.0,chinacost=0,maxsolddate='2011-09-04',minsolddate='2011-09-06' where link='http://articulo.mercadolibre.com.ar/MLA-125189465-40-souvenirs-perfumes-para-cumples-infantiles-_JM';
PRODUCT FROM DATABASE: 
**** Product Id: 1632
**** Title: Auricular Bluetooth Nokia Bh503 Original En Caja Bh-503 - $ 259,96 en MercadoLibre
**** Price: $ 259.96
**** Sold: 114
**** Max Sales: 0 Date 2011-09-06
**** Min Sales: 0 Date 2011-09-06
**** Link: http://articulo.mercadolibre.com.ar/MLA-121108769-auricular-bluetooth-nokia-bh503-original-en-caja-bh-503-_JM
**** Updated: 2011-09-06
update crawler set sold=114,maxsoldday=0,leastsoldday=0,updated=DATE(NOW()),localcost=259.96,chinacost=0,maxsolddate='2011-09-06',minsolddate='2011-09-06' where link='http://articulo.mercadolibre.com.ar/MLA-121108769-auricular-bluetooth-nokia-bh503-original-en-caja-bh-503-_JM';
PRODUCT FROM DATABASE: 
**** Product Id: 1633
**** Title: Reloj Casio Baby-g Bg-3000a Reef 5 Alarmas Crono 200mts Wr - $ 529,99 en MercadoLibre
**** Price: $ 529.99
**** Sold: 31
**** Max Sales: 0 Date 2011-09-04
**** Min Sales: 0 Date 2011-09-06
**** Link: http://articulo.mercadolibre.com.ar/MLA-117166588-reloj-casio-baby-g-bg-3000a-reef-5-alarmas-crono-200mts-wr-_JM
**** Updated: 2011-09-06
update crawler set sold=31,maxsoldday=0,leastsoldday=0,updated=DATE(NOW()),localcost=529.99,chinacost=0,maxsolddate='2011-09-04',minsolddate='2011-09-06' where link='http://articulo.mercadolibre.com.ar/MLA-117166588-reloj-casio-baby-g-bg-3000a-reef-5-alarmas-crono-200mts-wr-_JM';
PRODUCT FROM DATABASE: 
**** Product Id: 1634
**** Title: Mesa Guatambu Wengue 1.60x0.80mt+3 Vidrios+6 Sillas Tapizada - $ 2.249,99 en MercadoLibre
**** Price: $ 2249.99
**** Sold: 184
**** Max Sales: 0 Date 2011-09-06
**** Min Sales: 0 Date 2011-09-06
**** Link: http://articulo.mercadolibre.com.ar/MLA-123409134-mesa-guatambu-wengue-160x080mt3-vidrios6-sillas-tapizada-_JM
**** Updated: 2011-09-06
update crawler set sold=185,maxsoldday=1,leastsoldday=1,updated=DATE(NOW()),localcost=2249.99,chinacost=0,maxsolddate=DATE(NOW()),minsolddate='2011-09-06' where link='http://articulo.mercadolibre.com.ar/MLA-123409134-mesa-guatambu-wengue-160x080mt3-vidrios6-sillas-tapizada-_JM';
PRODUCT FROM DATABASE: 
**** Product Id: 1635
**** Title: Punto Rojo Muebles Columna Torre Biblioteca Madera Estante - $ 359,00 en MercadoLibre
**** Price: $ 359
**** Sold: 0
**** Max Sales: 0 Date 2011-09-04
**** Min Sales: 0 Date 2011-09-06
**** Link: http://articulo.mercadolibre.com.ar/MLA-126062752-punto-rojo-muebles-columna-torre-biblioteca-madera-estante-_JM
**** Updated: 2011-09-06
update crawler set sold=0,maxsoldday=0,leastsoldday=0,updated=DATE(NOW()),localcost=359.0,chinacost=0,maxsolddate='2011-09-04',minsolddate='2011-09-06' where link='http://articulo.mercadolibre.com.ar/MLA-126062752-punto-rojo-muebles-columna-torre-biblioteca-madera-estante-_JM';
PRODUCT FROM DATABASE: 
**** Product Id: 1636
**** Title: Botines De Futsal - $ 620,00 en MercadoLibre
**** Price: $ 620
**** Sold: 3
**** Max Sales: 0 Date 2011-09-04
**** Min Sales: 0 Date 2011-09-06
**** Link: http://articulo.mercadolibre.com.ar/MLA-120734925-botines-de-futsal-_JM
**** Updated: 2011-09-06
update crawler set sold=3,maxsoldday=0,leastsoldday=0,updated=DATE(NOW()),localcost=620.0,chinacost=0,maxsolddate='2011-09-04',minsolddate='2011-09-06' where link='http://articulo.mercadolibre.com.ar/MLA-120734925-botines-de-futsal-_JM';
PRODUCT FROM DATABASE: 
**** Product Id: 1637
**** Title: American Pro Realtec Nuevo Efecto Moonflower Serie Tecled - U$S 95,83 en MercadoLibre
**** Price: U$S 95.83
**** Sold: 0
**** Max Sales: 0 Date 2011-09-04
**** Min Sales: 0 Date 2011-09-06
**** Link: http://articulo.mercadolibre.com.ar/MLA-122022301-american-pro-realtec-nuevo-efecto-moonflower-serie-tecled-_JM
**** Updated: 2011-09-06
update crawler set sold=0,maxsoldday=0,leastsoldday=0,updated=DATE(NOW()),localcost=95.83,chinacost=0,maxsolddate='2011-09-04',minsolddate='2011-09-06' where link='http://articulo.mercadolibre.com.ar/MLA-122022301-american-pro-realtec-nuevo-efecto-moonflower-serie-tecled-_JM';
PRODUCT FROM DATABASE: 
**** Product Id: 1638
**** Title: Hermosos Zapatos De Charol Rojo Con Ribetes Negros Nº 37. - $ 140,00 en MercadoLibre
**** Price: $ 140
**** Sold: 0
**** Max Sales: 0 Date 2011-09-04
**** Min Sales: 0 Date 2011-09-06
**** Link: http://articulo.mercadolibre.com.ar/MLA-125092217-hermosos-zapatos-de-charol-rojo-con-ribetes-negros-n-37-_JM
**** Updated: 2011-09-06
update crawler set sold=0,maxsoldday=0,leastsoldday=0,updated=DATE(NOW()),localcost=140.0,chinacost=0,maxsolddate='2011-09-04',minsolddate='2011-09-06' where link='http://articulo.mercadolibre.com.ar/MLA-125092217-hermosos-zapatos-de-charol-rojo-con-ribetes-negros-n-37-_JM';
PRODUCT FROM DATABASE: 
**** Product Id: 1639
**** Title: Incubadora Automatica Simen Space Master. Lo Mas Completo !! - $ 1.350,00 en MercadoLibre
**** Price: $ 1350
**** Sold: 27
**** Max Sales: 0 Date 2011-09-04
**** Min Sales: 0 Date 2011-09-06
**** Link: http://articulo.mercadolibre.com.ar/MLA-125003808-incubadora-automatica-simen-space-master-lo-mas-completo--_JM
**** Updated: 2011-09-06
update crawler set sold=28,maxsoldday=1,leastsoldday=1,updated=DATE(NOW()),localcost=1350.0,chinacost=0,maxsolddate=DATE(NOW()),minsolddate='2011-09-06' where link='http://articulo.mercadolibre.com.ar/MLA-125003808-incubadora-automatica-simen-space-master-lo-mas-completo--_JM';
PRODUCT FROM DATABASE: 
**** Product Id: 1640
**** Title: Incubadora Simen Super Promo!!!, Mod. Zt67 Y Regalos!!! - $ 699,00 en MercadoLibre
**** Price: $ 699
**** Sold: 32
**** Max Sales: 0 Date 2011-09-06
**** Min Sales: 0 Date 2011-09-06
**** Link: http://articulo.mercadolibre.com.ar/MLA-124499955-incubadora-simen-super-promo-mod-zt67-y-regalos-_JM
**** Updated: 2011-09-06
update crawler set sold=32,maxsoldday=0,leastsoldday=0,updated=DATE(NOW()),localcost=699.0,chinacost=0,maxsolddate='2011-09-06',minsolddate='2011-09-06' where link='http://articulo.mercadolibre.com.ar/MLA-124499955-incubadora-simen-super-promo-mod-zt67-y-regalos-_JM';
PRODUCT FROM DATABASE: 
**** Product Id: 1641
**** Title: Incubadoras Simen Promo Micro Emprendimiento. Y Regalos!!! - $ 499,00 en MercadoLibre
**** Price: $ 499
**** Sold: 40
**** Max Sales: 0 Date 2011-09-06
**** Min Sales: 0 Date 2011-09-06
**** Link: http://articulo.mercadolibre.com.ar/MLA-125921527-incubadoras-simen-promo-micro-emprendimiento-y-regalos-_JM
**** Updated: 2011-09-06
update crawler set sold=41,maxsoldday=1,leastsoldday=1,updated=DATE(NOW()),localcost=499.0,chinacost=0,maxsolddate=DATE(NOW()),minsolddate='2011-09-06' where link='http://articulo.mercadolibre.com.ar/MLA-125921527-incubadoras-simen-promo-micro-emprendimiento-y-regalos-_JM';
PRODUCT FROM DATABASE: 
**** Product Id: 1642
**** Title: Incubadora Simen Space. 50 Base, Clasica De Alto Rendimiento - $ 780,00 en MercadoLibre
**** Price: $ 780
**** Sold: 20
**** Max Sales: 0 Date 2011-09-06
**** Min Sales: 0 Date 2011-09-06
**** Link: http://articulo.mercadolibre.com.ar/MLA-124705499-incubadora-simen-space-50-base-clasica-de-alto-rendimiento-_JM
**** Updated: 2011-09-06
update crawler set sold=20,maxsoldday=0,leastsoldday=0,updated=DATE(NOW()),localcost=780.0,chinacost=0,maxsolddate='2011-09-06',minsolddate='2011-09-06' where link='http://articulo.mercadolibre.com.ar/MLA-124705499-incubadora-simen-space-50-base-clasica-de-alto-rendimiento-_JM';
PRODUCT FROM DATABASE: 
**** Product Id: 1643
**** Title: Sistema De Pinches Invisibles Anti Palomas Pinchos Aerobird - $ 45,00 en MercadoLibre
**** Price: $ 45
**** Sold: 35
**** Max Sales: 0 Date 2011-09-06
**** Min Sales: 0 Date 2011-09-06
**** Link: http://articulo.mercadolibre.com.ar/MLA-122695294-sistema-de-pinches-invisibles-anti-palomas-pinchos-aerobird-_JM
**** Updated: 2011-09-06
update crawler set sold=35,maxsoldday=0,leastsoldday=0,updated=DATE(NOW()),localcost=45.0,chinacost=0,maxsolddate='2011-09-06',minsolddate='2011-09-06' where link='http://articulo.mercadolibre.com.ar/MLA-122695294-sistema-de-pinches-invisibles-anti-palomas-pinchos-aerobird-_JM';
PRODUCT FROM DATABASE: 
**** Product Id: 1644
**** Title: Incubadora Simen De Cultivo. Mod Space Full. La Mejor Promo. - $ 750,00 en MercadoLibre
**** Price: $ 750
**** Sold: 4
**** Max Sales: 0 Date 2011-09-04
**** Min Sales: 0 Date 2011-09-04
**** Link: http://articulo.mercadolibre.com.ar/MLA-125868128-incubadora-simen-de-cultivo-mod-space-full-la-mejor-promo-_JM
**** Updated: 2011-09-06
update crawler set sold=4,maxsoldday=0,leastsoldday=0,updated=DATE(NOW()),localcost=750.0,chinacost=0,maxsolddate='2011-09-04',minsolddate='2011-09-04' where link='http://articulo.mercadolibre.com.ar/MLA-125868128-incubadora-simen-de-cultivo-mod-space-full-la-mejor-promo-_JM';
PRODUCT FROM DATABASE: 
**** Product Id: 1645
**** Title: Criadero De Canarios Roller*el Gallego*pichones 2010 - $ 120,00 en MercadoLibre
**** Price: $ 120
**** Sold: 27
**** Max Sales: 0 Date 2011-09-04
**** Min Sales: 0 Date 2011-09-04
**** Link: http://articulo.mercadolibre.com.ar/MLA-124239588-criadero-de-canarios-rollerel-gallegopichones-2010-_JM
**** Updated: 2011-09-06
update crawler set sold=27,maxsoldday=0,leastsoldday=0,updated=DATE(NOW()),localcost=120.0,chinacost=0,maxsolddate='2011-09-04',minsolddate='2011-09-04' where link='http://articulo.mercadolibre.com.ar/MLA-124239588-criadero-de-canarios-rollerel-gallegopichones-2010-_JM';
PRODUCT FROM DATABASE: 
**** Product Id: 1646
**** Title: Peladora,desplumadora De Aves (pollos) Nueva - $ 4.100,00 en MercadoLibre
**** Price: $ 4100
**** Sold: 8
**** Max Sales: 0 Date 2011-09-04
**** Min Sales: 0 Date 2011-09-04
**** Link: http://articulo.mercadolibre.com.ar/MLA-124764065-peladoradesplumadora-de-aves-pollos-nueva-_JM
**** Updated: 2011-09-06
update crawler set sold=8,maxsoldday=0,leastsoldday=0,updated=DATE(NOW()),localcost=4100.0,chinacost=0,maxsolddate='2011-09-04',minsolddate='2011-09-04' where link='http://articulo.mercadolibre.com.ar/MLA-124764065-peladoradesplumadora-de-aves-pollos-nueva-_JM';
PRODUCT FROM DATABASE: 
**** Product Id: 1647
**** Title: ** Palomas Y Cotorras ** Espantaplagas Ahuyentamiento - $ 294,00 en MercadoLibre
**** Price: $ 294
**** Sold: 8
**** Max Sales: 0 Date 2011-09-04
**** Min Sales: 0 Date 2011-09-04
**** Link: http://articulo.mercadolibre.com.ar/MLA-122698698--palomas-y-cotorras-espantaplagas-ahuyentamiento-_JM
**** Updated: 2011-09-06
update crawler set sold=9,maxsoldday=1,leastsoldday=1,updated=DATE(NOW()),localcost=294.0,chinacost=0,maxsolddate=DATE(NOW()),minsolddate='2011-09-04' where link='http://articulo.mercadolibre.com.ar/MLA-122698698--palomas-y-cotorras-espantaplagas-ahuyentamiento-_JM';
PRODUCT FROM DATABASE: 
**** Product Id: 1648
**** Title: Jaulon Pajaro Loro Con Ruedas 55x55x1,25alto Espectacular - $ 885,00 en MercadoLibre
**** Price: $ 885
**** Sold: 2
**** Max Sales: 0 Date 2011-09-06
**** Min Sales: 0 Date 2011-09-06
**** Link: http://articulo.mercadolibre.com.ar/MLA-123606812-jaulon-pajaro-loro-con-ruedas-55x55x125alto-espectacular-_JM
**** Updated: 2011-09-06
update crawler set sold=2,maxsoldday=0,leastsoldday=0,updated=DATE(NOW()),localcost=885.0,chinacost=0,maxsolddate='2011-09-06',minsolddate='2011-09-06' where link='http://articulo.mercadolibre.com.ar/MLA-123606812-jaulon-pajaro-loro-con-ruedas-55x55x125alto-espectacular-_JM';
PRODUCT FROM DATABASE: 
**** Product Id: 1649
**** Title: Redes Para Balcón. Redes Protección. Redes Para Aves - $ 14,90 en MercadoLibre
**** Price: $ 14.9
**** Sold: 15
**** Max Sales: 0 Date 2011-09-06
**** Min Sales: 0 Date 2011-09-06
**** Link: http://articulo.mercadolibre.com.ar/MLA-120315166-redes-para-balcon-redes-proteccion-redes-para-aves-_JM
**** Updated: 2011-09-06
update crawler set sold=15,maxsoldday=0,leastsoldday=0,updated=DATE(NOW()),localcost=14.9,chinacost=0,maxsolddate='2011-09-06',minsolddate='2011-09-06' where link='http://articulo.mercadolibre.com.ar/MLA-120315166-redes-para-balcon-redes-proteccion-redes-para-aves-_JM';
PRODUCT FROM DATABASE: 
**** Product Id: 1650
**** Title: Los Mejores Amarillos Mosaicos. De Julio Gianni - $ 150,00 en MercadoLibre
**** Price: $ 150
**** Sold: 7
**** Max Sales: 0 Date 2011-09-06
**** Min Sales: 0 Date 2011-09-06
**** Link: http://articulo.mercadolibre.com.ar/MLA-124582165-los-mejores-amarillos-mosaicos-de-julio-gianni-_JM
**** Updated: 2011-09-06
update crawler set sold=7,maxsoldday=0,leastsoldday=0,updated=DATE(NOW()),localcost=150.0,chinacost=0,maxsolddate='2011-09-06',minsolddate='2011-09-06' where link='http://articulo.mercadolibre.com.ar/MLA-124582165-los-mejores-amarillos-mosaicos-de-julio-gianni-_JM';
PRODUCT FROM DATABASE: 
**** Product Id: 1651
**** Title: Bebederos Para Gallina Ponedora, Conejo, Pollo, Cerdo,lechon - $ 6,00 en MercadoLibre
**** Price: $ 6
**** Sold: 30
**** Max Sales: 0 Date 2011-09-06
**** Min Sales: 0 Date 2011-09-06
**** Link: http://articulo.mercadolibre.com.ar/MLA-123700546-bebederos-para-gallina-ponedora-conejo-pollo-cerdolechon-_JM
**** Updated: 2011-09-06
update crawler set sold=30,maxsoldday=0,leastsoldday=0,updated=DATE(NOW()),localcost=6.0,chinacost=0,maxsolddate='2011-09-06',minsolddate='2011-09-06' where link='http://articulo.mercadolibre.com.ar/MLA-123700546-bebederos-para-gallina-ponedora-conejo-pollo-cerdolechon-_JM';
PRODUCT FROM DATABASE: 
**** Product Id: 1652
**** Title: Huevos De Gallinas De Campo Por Docena - $ 10,00 en MercadoLibre
**** Price: $ 10
**** Sold: 4
**** Max Sales: 0 Date 2011-09-04
**** Min Sales: 0 Date 2011-09-04
**** Link: http://articulo.mercadolibre.com.ar/MLA-122932068-huevos-de-gallinas-de-campo-por-docena-_JM
**** Updated: 2011-09-06
update crawler set sold=4,maxsoldday=0,leastsoldday=0,updated=DATE(NOW()),localcost=10.0,chinacost=0,maxsolddate='2011-09-04',minsolddate='2011-09-04' where link='http://articulo.mercadolibre.com.ar/MLA-122932068-huevos-de-gallinas-de-campo-por-docena-_JM';
PRODUCT FROM DATABASE: 
**** Product Id: 1653
**** Title: Jaula Grande Para Aves, Conejos, Etc. - $ 1.600,00 en MercadoLibre
**** Price: $ 1600
**** Sold: 0
**** Max Sales: 0 Date 2011-09-04
**** Min Sales: 0 Date 2011-09-04
**** Link: http://articulo.mercadolibre.com.ar/MLA-122942895-jaula-grande-para-aves-conejos-etc-_JM
**** Updated: 2011-09-06
update crawler set sold=0,maxsoldday=0,leastsoldday=0,updated=DATE(NOW()),localcost=1600.0,chinacost=0,maxsolddate='2011-09-04',minsolddate='2011-09-04' where link='http://articulo.mercadolibre.com.ar/MLA-122942895-jaula-grande-para-aves-conejos-etc-_JM';
PRODUCT FROM DATABASE: 
**** Product Id: 1654
**** Title: Pollito Bb Recriado - $ 2,50 en MercadoLibre
**** Price: $ 2.5
**** Sold: 2
**** Max Sales: 0 Date 2011-09-04
**** Min Sales: 0 Date 2011-09-04
**** Link: http://articulo.mercadolibre.com.ar/MLA-125125322-pollito-bb-recriado-_JM
**** Updated: 2011-09-06
update crawler set sold=2,maxsoldday=0,leastsoldday=0,updated=DATE(NOW()),localcost=2.5,chinacost=0,maxsolddate='2011-09-04',minsolddate='2011-09-04' where link='http://articulo.mercadolibre.com.ar/MLA-125125322-pollito-bb-recriado-_JM';
PRODUCT FROM DATABASE: 
**** Product Id: 1655
**** Title: Incubadoras Y Campanas Madre - $ 1.200,00 en MercadoLibre
**** Price: $ 1200
**** Sold: 0
**** Max Sales: 0 Date 2011-09-04
**** Min Sales: 0 Date 2011-09-04
**** Link: http://articulo.mercadolibre.com.ar/MLA-123531879-incubadoras-y-campanas-madre-_JM
**** Updated: 2011-09-06
update crawler set sold=0,maxsoldday=0,leastsoldday=0,updated=DATE(NOW()),localcost=1200.0,chinacost=0,maxsolddate='2011-09-04',minsolddate='2011-09-04' where link='http://articulo.mercadolibre.com.ar/MLA-123531879-incubadoras-y-campanas-madre-_JM';
PRODUCT FROM DATABASE: 
**** Product Id: 1656
**** Title: Incubadora Simen Mod. Master Power P/ Microemprendimientos - $ 1.599,00 en MercadoLibre
**** Price: $ 1599
**** Sold: 5
**** Max Sales: 0 Date 2011-09-06
**** Min Sales: 0 Date 2011-09-06
**** Link: http://articulo.mercadolibre.com.ar/MLA-125646417-incubadora-simen-mod-master-power-p-microemprendimientos-_JM
**** Updated: 2011-09-06
update crawler set sold=5,maxsoldday=0,leastsoldday=0,updated=DATE(NOW()),localcost=1599.0,chinacost=0,maxsolddate='2011-09-06',minsolddate='2011-09-06' where link='http://articulo.mercadolibre.com.ar/MLA-125646417-incubadora-simen-mod-master-power-p-microemprendimientos-_JM';
PRODUCT FROM DATABASE: 
**** Product Id: 1657
**** Title: Incubadora Simen Mod. Premium Digital Electrónica Automática - $ 1.850,00 en MercadoLibre
**** Price: $ 1850
**** Sold: 0
**** Max Sales: 0 Date 2011-09-04
**** Min Sales: 0 Date 2011-09-04
**** Link: http://articulo.mercadolibre.com.ar/MLA-124950750-incubadora-simen-mod-premium-digital-electronica-automatica-_JM
**** Updated: 2011-09-06
update crawler set sold=0,maxsoldday=0,leastsoldday=0,updated=DATE(NOW()),localcost=1850.0,chinacost=0,maxsolddate='2011-09-04',minsolddate='2011-09-04' where link='http://articulo.mercadolibre.com.ar/MLA-124950750-incubadora-simen-mod-premium-digital-electronica-automatica-_JM';
PRODUCT FROM DATABASE: 
**** Product Id: 1658
**** Title: Jaula Loro Super Grande 52x40x75alto Con Accesorios Completa - $ 350,00 en MercadoLibre
**** Price: $ 350
**** Sold: 0
**** Max Sales: 0 Date 2011-09-04
**** Min Sales: 0 Date 2011-09-04
**** Link: http://articulo.mercadolibre.com.ar/MLA-125717563-jaula-loro-super-grande-52x40x75alto-con-accesorios-completa-_JM
**** Updated: 2011-09-06
update crawler set sold=0,maxsoldday=0,leastsoldday=0,updated=DATE(NOW()),localcost=350.0,chinacost=0,maxsolddate='2011-09-04',minsolddate='2011-09-04' where link='http://articulo.mercadolibre.com.ar/MLA-125717563-jaula-loro-super-grande-52x40x75alto-con-accesorios-completa-_JM';
PRODUCT FROM DATABASE: 
**** Product Id: 1659
**** Title: Incubadora Simen Master 100 Para Microemprendimientos Promo! - $ 2.350,00 en MercadoLibre
**** Price: $ 2350
**** Sold: 2
**** Max Sales: 0 Date 2011-09-04
**** Min Sales: 0 Date 2011-09-04
**** Link: http://articulo.mercadolibre.com.ar/MLA-125646485-incubadora-simen-master-100-para-microemprendimientos-promo-_JM
**** Updated: 2011-09-06
update crawler set sold=2,maxsoldday=0,leastsoldday=0,updated=DATE(NOW()),localcost=2350.0,chinacost=0,maxsolddate='2011-09-04',minsolddate='2011-09-04' where link='http://articulo.mercadolibre.com.ar/MLA-125646485-incubadora-simen-master-100-para-microemprendimientos-promo-_JM';
PRODUCT FROM DATABASE: 
**** Product Id: 1660
**** Title: Incubadora Simen Para Canarios Mod. Ca90 Exclusivas!!! - $ 890,00 en MercadoLibre
**** Price: $ 890
**** Sold: 0
**** Max Sales: 0 Date 2011-09-04
**** Min Sales: 0 Date 2011-09-04
**** Link: http://articulo.mercadolibre.com.ar/MLA-123358977-incubadora-simen-para-canarios-mod-ca90-exclusivas-_JM
**** Updated: 2011-09-06
update crawler set sold=0,maxsoldday=0,leastsoldday=0,updated=DATE(NOW()),localcost=890.0,chinacost=0,maxsolddate='2011-09-04',minsolddate='2011-09-04' where link='http://articulo.mercadolibre.com.ar/MLA-123358977-incubadora-simen-para-canarios-mod-ca90-exclusivas-_JM';
PRODUCT FROM DATABASE: 
**** Product Id: 1661
**** Title: Comedero Aves Pollitos Directo De Fabrica X 25 Unidades - $ 200,00 en MercadoLibre
**** Price: $ 200
**** Sold: 8
**** Max Sales: 0 Date 2011-09-04
**** Min Sales: 0 Date 2011-09-04
**** Link: http://articulo.mercadolibre.com.ar/MLA-124253298-comedero-aves-pollitos-directo-de-fabrica-x-25-unidades-_JM
**** Updated: 2011-09-06
update crawler set sold=8,maxsoldday=0,leastsoldday=0,updated=DATE(NOW()),localcost=200.0,chinacost=0,maxsolddate='2011-09-04',minsolddate='2011-09-04' where link='http://articulo.mercadolibre.com.ar/MLA-124253298-comedero-aves-pollitos-directo-de-fabrica-x-25-unidades-_JM';
PRODUCT FROM DATABASE: 
**** Product Id: 1662
**** Title: Jaulas Pajaros Plegables Directo De Fabrica!!! - $ 30,00 en MercadoLibre
**** Price: $ 30
**** Sold: 17
**** Max Sales: 0 Date 2011-09-04
**** Min Sales: 0 Date 2011-09-04
**** Link: http://articulo.mercadolibre.com.ar/MLA-121632319-jaulas-pajaros-plegables-directo-de-fabrica-_JM
**** Updated: 2011-09-06
update crawler set sold=17,maxsoldday=0,leastsoldday=0,updated=DATE(NOW()),localcost=30.0,chinacost=0,maxsolddate='2011-09-04',minsolddate='2011-09-04' where link='http://articulo.mercadolibre.com.ar/MLA-121632319-jaulas-pajaros-plegables-directo-de-fabrica-_JM';
PRODUCT FROM DATABASE: 
**** Product Id: 1663
**** Title: Jaula Para Loro - $ 85,00 en MercadoLibre
**** Price: $ 85
**** Sold: 8
**** Max Sales: 0 Date 2011-09-04
**** Min Sales: 0 Date 2011-09-04
**** Link: http://articulo.mercadolibre.com.ar/MLA-121001198-jaula-para-loro-_JM
**** Updated: 2011-09-06
update crawler set sold=8,maxsoldday=0,leastsoldday=0,updated=DATE(NOW()),localcost=85.0,chinacost=0,maxsolddate='2011-09-04',minsolddate='2011-09-04' where link='http://articulo.mercadolibre.com.ar/MLA-121001198-jaula-para-loro-_JM';
PRODUCT FROM DATABASE: 
**** Product Id: 1664
**** Title: Termostato Para Incubadoras + Termómetro + Resistencia - $ 189,00 en MercadoLibre
**** Price: $ 189
**** Sold: 13
**** Max Sales: 0 Date 2011-09-04
**** Min Sales: 0 Date 2011-09-04
**** Link: http://articulo.mercadolibre.com.ar/MLA-125716291-termostato-para-incubadoras-termometro-resistencia-_JM
**** Updated: 2011-09-06
update crawler set sold=13,maxsoldday=0,leastsoldday=0,updated=DATE(NOW()),localcost=189.0,chinacost=0,maxsolddate='2011-09-04',minsolddate='2011-09-04' where link='http://articulo.mercadolibre.com.ar/MLA-125716291-termostato-para-incubadoras-termometro-resistencia-_JM';
PRODUCT FROM DATABASE: 
**** Product Id: 1665
**** Title: Jaulas Apilables Para 20 Codornices - $ 175,00 en MercadoLibre
**** Price: $ 175
**** Sold: 10
**** Max Sales: 0 Date 2011-09-04
**** Min Sales: 0 Date 2011-09-04
**** Link: http://articulo.mercadolibre.com.ar/MLA-125689198-jaulas-apilables-para-20-codornices-_JM
**** Updated: 2011-09-06
update crawler set sold=10,maxsoldday=0,leastsoldday=0,updated=DATE(NOW()),localcost=175.0,chinacost=0,maxsolddate='2011-09-04',minsolddate='2011-09-04' where link='http://articulo.mercadolibre.com.ar/MLA-125689198-jaulas-apilables-para-20-codornices-_JM';
PRODUCT FROM DATABASE: 
**** Product Id: 1666
**** Title: Jaulas Para Cria De Canarios - $ 100,00 en MercadoLibre
**** Price: $ 100
**** Sold: 4
**** Max Sales: 0 Date 2011-09-04
**** Min Sales: 0 Date 2011-09-04
**** Link: http://articulo.mercadolibre.com.ar/MLA-120784431-jaulas-para-cria-de-canarios-_JM
**** Updated: 2011-09-06
update crawler set sold=4,maxsoldday=0,leastsoldday=0,updated=DATE(NOW()),localcost=100.0,chinacost=0,maxsolddate='2011-09-04',minsolddate='2011-09-04' where link='http://articulo.mercadolibre.com.ar/MLA-120784431-jaulas-para-cria-de-canarios-_JM';
PRODUCT FROM DATABASE: 
**** Product Id: 1667
**** Title: Canarios Roller Azules - $ 90,00 en MercadoLibre
**** Price: $ 90
**** Sold: 10
**** Max Sales: 0 Date 2011-09-06
**** Min Sales: 0 Date 2011-09-06
**** Link: http://articulo.mercadolibre.com.ar/MLA-126141143-canarios-roller-azules-_JM
**** Updated: 2011-09-06
update crawler set sold=12,maxsoldday=2,leastsoldday=2,updated=DATE(NOW()),localcost=90.0,chinacost=0,maxsolddate=DATE(NOW()),minsolddate='2011-09-06' where link='http://articulo.mercadolibre.com.ar/MLA-126141143-canarios-roller-azules-_JM';
PRODUCT FROM DATABASE: 
**** Product Id: 1668
**** Title: Semillas Para Loros Y Papagalos Orlux 2,5klgs - $ 95,00 en MercadoLibre
**** Price: $ 95
**** Sold: 4
**** Max Sales: 0 Date 2011-09-06
**** Min Sales: 0 Date 2011-09-06
**** Link: http://articulo.mercadolibre.com.ar/MLA-121570855-semillas-para-loros-y-papagalos-orlux-25klgs-_JM
**** Updated: 2011-09-06
update crawler set sold=4,maxsoldday=0,leastsoldday=0,updated=DATE(NOW()),localcost=95.0,chinacost=0,maxsolddate='2011-09-06',minsolddate='2011-09-06' where link='http://articulo.mercadolibre.com.ar/MLA-121570855-semillas-para-loros-y-papagalos-orlux-25klgs-_JM';
PRODUCT FROM DATABASE: 
**** Product Id: 1669
**** Title: Incubadoras. Como Incubar Con Exito. Unico Metodo!! Lea Mas - $ 10,00 en MercadoLibre
**** Price: $ 10
**** Sold: 11
**** Max Sales: 0 Date 2011-09-04
**** Min Sales: 0 Date 2011-09-04
**** Link: http://articulo.mercadolibre.com.ar/MLA-123819779-incubadoras-como-incubar-con-exito-unico-metodo-lea-mas-_JM
**** Updated: 2011-09-06
update crawler set sold=11,maxsoldday=0,leastsoldday=0,updated=DATE(NOW()),localcost=10.0,chinacost=0,maxsolddate='2011-09-04',minsolddate='2011-09-04' where link='http://articulo.mercadolibre.com.ar/MLA-123819779-incubadoras-como-incubar-con-exito-unico-metodo-lea-mas-_JM';
PRODUCT FROM DATABASE: 
**** Product Id: 1670
**** Title: Canarios Rojos Pichones 09 Y Adultos Int Y Nev. Hermosos!!! - $ 125,00 en MercadoLibre
**** Price: $ 125
**** Sold: 10
**** Max Sales: 0 Date 2011-09-06
**** Min Sales: 0 Date 2011-09-06
**** Link: http://articulo.mercadolibre.com.ar/MLA-123460525-canarios-rojos-pichones-09-y-adultos-int-y-nev-hermosos-_JM
**** Updated: 2011-09-06
update crawler set sold=10,maxsoldday=0,leastsoldday=0,updated=DATE(NOW()),localcost=125.0,chinacost=0,maxsolddate='2011-09-06',minsolddate='2011-09-06' where link='http://articulo.mercadolibre.com.ar/MLA-123460525-canarios-rojos-pichones-09-y-adultos-int-y-nev-hermosos-_JM';
PRODUCT FROM DATABASE: 
**** Product Id: 1671
**** Title: Bebedero Para Colibrí! - $ 65,00 en MercadoLibre
**** Price: $ 65
**** Sold: 2
**** Max Sales: 0 Date 2011-09-04
**** Min Sales: 0 Date 2011-09-04
**** Link: http://articulo.mercadolibre.com.ar/MLA-122695305-bebedero-para-colibri-_JM
**** Updated: 2011-09-06
update crawler set sold=2,maxsoldday=0,leastsoldday=0,updated=DATE(NOW()),localcost=65.0,chinacost=0,maxsolddate='2011-09-04',minsolddate='2011-09-04' where link='http://articulo.mercadolibre.com.ar/MLA-122695305-bebedero-para-colibri-_JM';
PRODUCT FROM DATABASE: 
**** Product Id: 1672
**** Title: Canarios Copete Aleman - $ 120,00 en MercadoLibre
**** Price: $ 120
**** Sold: 5
**** Max Sales: 0 Date 2011-09-04
**** Min Sales: 0 Date 2011-09-04
**** Link: http://articulo.mercadolibre.com.ar/MLA-126141248-canarios-copete-aleman-_JM
**** Updated: 2011-09-06
update crawler set sold=5,maxsoldday=0,leastsoldday=0,updated=DATE(NOW()),localcost=120.0,chinacost=0,maxsolddate='2011-09-04',minsolddate='2011-09-04' where link='http://articulo.mercadolibre.com.ar/MLA-126141248-canarios-copete-aleman-_JM';
PRODUCT FROM DATABASE: 
**** Product Id: 1673
**** Title: Huevos Fértiles Para Incubar De Raza Plymouth Rock(bataraza) - $ 65,00 en MercadoLibre
**** Price: $ 65
**** Sold: 2
**** Max Sales: 0 Date 2011-09-04
**** Min Sales: 0 Date 2011-09-04
**** Link: http://articulo.mercadolibre.com.ar/MLA-125125479-huevos-fertiles-para-incubar-de-raza-plymouth-rockbataraza-_JM
**** Updated: 2011-09-06
update crawler set sold=3,maxsoldday=1,leastsoldday=1,updated=DATE(NOW()),localcost=65.0,chinacost=0,maxsolddate=DATE(NOW()),minsolddate='2011-09-04' where link='http://articulo.mercadolibre.com.ar/MLA-125125479-huevos-fertiles-para-incubar-de-raza-plymouth-rockbataraza-_JM';
PRODUCT FROM DATABASE: 
**** Product Id: 1674
**** Title: Jilguero - El Libro Mas Completo De La Especie Es Español! - $ 198,00 en MercadoLibre
**** Price: $ 198
**** Sold: 0
**** Max Sales: 0 Date 2011-09-04
**** Min Sales: 0 Date 2011-09-04
**** Link: http://articulo.mercadolibre.com.ar/MLA-123093787-jilguero-el-libro-mas-completo-de-la-especie-es-espanol-_JM
**** Updated: 2011-09-06
update crawler set sold=0,maxsoldday=0,leastsoldday=0,updated=DATE(NOW()),localcost=198.0,chinacost=0,maxsolddate='2011-09-04',minsolddate='2011-09-04' where link='http://articulo.mercadolibre.com.ar/MLA-123093787-jilguero-el-libro-mas-completo-de-la-especie-es-espanol-_JM';
PRODUCT FROM DATABASE: 
**** Product Id: 1675
**** Title: Maples Para Huevos De Codorniz - $ 105,00 en MercadoLibre
**** Price: $ 105
**** Sold: 0
**** Max Sales: 0 Date 2011-09-04
**** Min Sales: 0 Date 2011-09-04
**** Link: http://articulo.mercadolibre.com.ar/MLA-121426781-maples-para-huevos-de-codorniz-_JM
**** Updated: 2011-09-06
update crawler set sold=0,maxsoldday=0,leastsoldday=0,updated=DATE(NOW()),localcost=105.0,chinacost=0,maxsolddate='2011-09-04',minsolddate='2011-09-04' where link='http://articulo.mercadolibre.com.ar/MLA-121426781-maples-para-huevos-de-codorniz-_JM';
PRODUCT FROM DATABASE: 
**** Product Id: 1676
**** Title: Pollitos Bebe A $ 1!! $ 100 - $ 100,00 en MercadoLibre
**** Price: $ 100
**** Sold: 8
**** Max Sales: 0 Date 2011-09-06
**** Min Sales: 0 Date 2011-09-06
**** Link: http://articulo.mercadolibre.com.ar/MLA-125640589-pollitos-bebe-a-1-100-_JM
**** Updated: 2011-09-06
update crawler set sold=8,maxsoldday=0,leastsoldday=0,updated=DATE(NOW()),localcost=100.0,chinacost=0,maxsolddate='2011-09-06',minsolddate='2011-09-06' where link='http://articulo.mercadolibre.com.ar/MLA-125640589-pollitos-bebe-a-1-100-_JM';
PRODUCT FROM DATABASE: 
**** Product Id: 1677
**** Title: Gallinas De Campo! Precio Por Cantidad!! - $ 60,00 en MercadoLibre
**** Price: $ 60
**** Sold: 6
**** Max Sales: 0 Date 2011-09-04
**** Min Sales: 0 Date 2011-09-04
**** Link: http://articulo.mercadolibre.com.ar/MLA-121584762-gallinas-de-campo-precio-por-cantidad-_JM
**** Updated: 2011-09-06
update crawler set sold=6,maxsoldday=0,leastsoldday=0,updated=DATE(NOW()),localcost=60.0,chinacost=0,maxsolddate='2011-09-04',minsolddate='2011-09-04' where link='http://articulo.mercadolibre.com.ar/MLA-121584762-gallinas-de-campo-precio-por-cantidad-_JM';
PRODUCT FROM DATABASE: 
**** Product Id: 1678
**** Title: Jaula Para Aves Divisible - Pet Park - $ 1.900,00 en MercadoLibre
**** Price: $ 1900
**** Sold: 0
**** Max Sales: 0 Date 2011-09-04
**** Min Sales: 0 Date 2011-09-04
**** Link: http://articulo.mercadolibre.com.ar/MLA-124995251-jaula-para-aves-divisible-pet-park-_JM
**** Updated: 2011-09-06
update crawler set sold=0,maxsoldday=0,leastsoldday=0,updated=DATE(NOW()),localcost=1900.0,chinacost=0,maxsolddate='2011-09-04',minsolddate='2011-09-04' where link='http://articulo.mercadolibre.com.ar/MLA-124995251-jaula-para-aves-divisible-pet-park-_JM';
PRODUCT FROM DATABASE: 
**** Product Id: 1679
**** Title: Canarios Amarillos!, Nevados E Intensos Pichones 2010!! - $ 95,00 en MercadoLibre
**** Price: $ 95
**** Sold: 3
**** Max Sales: 0 Date 2011-09-04
**** Min Sales: 0 Date 2011-09-04
**** Link: http://articulo.mercadolibre.com.ar/MLA-124879804-canarios-amarillos-nevados-e-intensos-pichones-2010-_JM
**** Updated: 2011-09-06
update crawler set sold=3,maxsoldday=0,leastsoldday=0,updated=DATE(NOW()),localcost=95.0,chinacost=0,maxsolddate='2011-09-04',minsolddate='2011-09-04' where link='http://articulo.mercadolibre.com.ar/MLA-124879804-canarios-amarillos-nevados-e-intensos-pichones-2010-_JM';
PRODUCT FROM DATABASE: 
**** Product Id: 1680
**** Title: Bebedero Automatico Listo Para Instalar - $ 18,00 en MercadoLibre
**** Price: $ 18
**** Sold: 16
**** Max Sales: 0 Date 2011-09-06
**** Min Sales: 0 Date 2011-09-06
**** Link: http://articulo.mercadolibre.com.ar/MLA-124324055-bebedero-automatico-listo-para-instalar-_JM
**** Updated: 2011-09-06
update crawler set sold=16,maxsoldday=0,leastsoldday=0,updated=DATE(NOW()),localcost=18.0,chinacost=0,maxsolddate='2011-09-06',minsolddate='2011-09-06' where link='http://articulo.mercadolibre.com.ar/MLA-124324055-bebedero-automatico-listo-para-instalar-_JM';
Error retriving product
PRODUCT FROM DATABASE: 
**** Product Id: 1682
**** Title: Vendo Jaula Para Canarios - $ 50,00 en MercadoLibre
**** Price: $ 50
**** Sold: 0
**** Max Sales: 0 Date 2011-09-04
**** Min Sales: 0 Date 2011-09-04
**** Link: http://articulo.mercadolibre.com.ar/MLA-125489305-vendo-jaula-para-canarios-_JM
**** Updated: 2011-09-06
update crawler set sold=0,maxsoldday=0,leastsoldday=0,updated=DATE(NOW()),localcost=50.0,chinacost=0,maxsolddate='2011-09-04',minsolddate='2011-09-04' where link='http://articulo.mercadolibre.com.ar/MLA-125489305-vendo-jaula-para-canarios-_JM';
PRODUCT FROM DATABASE: 
**** Product Id: 1683
**** Title: Gallos Y Gallinas Medianos - $ 40,00 en MercadoLibre
**** Price: $ 40
**** Sold: 3
**** Max Sales: 0 Date 2011-09-04
**** Min Sales: 0 Date 2011-09-04
**** Link: http://articulo.mercadolibre.com.ar/MLA-121102909-gallos-y-gallinas-medianos-_JM
**** Updated: 2011-09-06
update crawler set sold=3,maxsoldday=0,leastsoldday=0,updated=DATE(NOW()),localcost=40.0,chinacost=0,maxsolddate='2011-09-04',minsolddate='2011-09-04' where link='http://articulo.mercadolibre.com.ar/MLA-121102909-gallos-y-gallinas-medianos-_JM';
PRODUCT FROM DATABASE: 
**** Product Id: 1684
**** Title: Entrena A Tu Ave! Enseña A Hablar A Tu Ave!espero C/parlante - $ 89,00 en MercadoLibre
**** Price: $ 89
**** Sold: 0
**** Max Sales: 0 Date 2011-09-04
**** Min Sales: 0 Date 2011-09-04
**** Link: http://articulo.mercadolibre.com.ar/MLA-123827878-entrena-a-tu-ave-ensena-a-hablar-a-tu-aveespero-cparlante-_JM
**** Updated: 2011-09-06
update crawler set sold=0,maxsoldday=0,leastsoldday=0,updated=DATE(NOW()),localcost=89.0,chinacost=0,maxsolddate='2011-09-04',minsolddate='2011-09-04' where link='http://articulo.mercadolibre.com.ar/MLA-123827878-entrena-a-tu-ave-ensena-a-hablar-a-tu-aveespero-cparlante-_JM';
PRODUCT FROM DATABASE: 
**** Product Id: 1685
**** Title: Maples, Cubetas Para Huevos P/ Incubadoras Y Consumo - $ 9,99 en MercadoLibre
**** Price: $ 9.99
**** Sold: 50
**** Max Sales: 0 Date 2011-09-04
**** Min Sales: 0 Date 2011-09-04
**** Link: http://articulo.mercadolibre.com.ar/MLA-123820032-maples-cubetas-para-huevos-p-incubadoras-y-consumo-_JM
**** Updated: 2011-09-06
update crawler set sold=50,maxsoldday=0,leastsoldday=0,updated=DATE(NOW()),localcost=9.99,chinacost=0,maxsolddate='2011-09-04',minsolddate='2011-09-04' where link='http://articulo.mercadolibre.com.ar/MLA-123820032-maples-cubetas-para-huevos-p-incubadoras-y-consumo-_JM';
PRODUCT FROM DATABASE: 
**** Product Id: 1686
**** Title: Hermoso Comedero Colgante Para Aves! Ideal Para Patio/jardin - $ 118,99 en MercadoLibre
**** Price: $ 118.99
**** Sold: 0
**** Max Sales: 0 Date 2011-09-04
**** Min Sales: 0 Date 2011-09-04
**** Link: http://articulo.mercadolibre.com.ar/MLA-125240383-hermoso-comedero-colgante-para-aves-ideal-para-patiojardin-_JM
**** Updated: 2011-09-06
update crawler set sold=0,maxsoldday=0,leastsoldday=0,updated=DATE(NOW()),localcost=118.99,chinacost=0,maxsolddate='2011-09-04',minsolddate='2011-09-04' where link='http://articulo.mercadolibre.com.ar/MLA-125240383-hermoso-comedero-colgante-para-aves-ideal-para-patiojardin-_JM';
PRODUCT FROM DATABASE: 
**** Product Id: 1687
**** Title: Alcon Psita Bites! Alimento Completo Para Loros Y Cotorras! - $ 46,00 en MercadoLibre
**** Price: $ 46
**** Sold: 4
**** Max Sales: 0 Date 2011-09-04
**** Min Sales: 0 Date 2011-09-04
**** Link: http://articulo.mercadolibre.com.ar/MLA-125830733-alcon-psita-bites-alimento-completo-para-loros-y-cotorras-_JM
**** Updated: 2011-09-06
update crawler set sold=4,maxsoldday=0,leastsoldday=0,updated=DATE(NOW()),localcost=46.0,chinacost=0,maxsolddate='2011-09-04',minsolddate='2011-09-04' where link='http://articulo.mercadolibre.com.ar/MLA-125830733-alcon-psita-bites-alimento-completo-para-loros-y-cotorras-_JM';
PRODUCT FROM DATABASE: 
**** Product Id: 1688
**** Title: Micol-antimicotico(hongos) Antibiotico - $ 46,90 en MercadoLibre
**** Price: $ 46.9
**** Sold: 0
**** Max Sales: 0 Date 2011-09-04
**** Min Sales: 0 Date 2011-09-04
**** Link: http://articulo.mercadolibre.com.ar/MLA-121073578-micol-antimicoticohongos-antibiotico-_JM
**** Updated: 2011-09-06
update crawler set sold=0,maxsoldday=0,leastsoldday=0,updated=DATE(NOW()),localcost=46.9,chinacost=0,maxsolddate='2011-09-04',minsolddate='2011-09-04' where link='http://articulo.mercadolibre.com.ar/MLA-121073578-micol-antimicoticohongos-antibiotico-_JM';
PRODUCT FROM DATABASE: 
**** Product Id: 1689
**** Title: Espiga Para Periquitos Y Diamantes. Semillas Seleccionadas! - $ 24,00 en MercadoLibre
**** Price: $ 24
**** Sold: 2
**** Max Sales: 0 Date 2011-09-04
**** Min Sales: 0 Date 2011-09-04
**** Link: http://articulo.mercadolibre.com.ar/MLA-120550338-espiga-para-periquitos-y-diamantes-semillas-seleccionadas-_JM
**** Updated: 2011-09-06
update crawler set sold=2,maxsoldday=0,leastsoldday=0,updated=DATE(NOW()),localcost=24.0,chinacost=0,maxsolddate='2011-09-04',minsolddate='2011-09-04' where link='http://articulo.mercadolibre.com.ar/MLA-120550338-espiga-para-periquitos-y-diamantes-semillas-seleccionadas-_JM';
PRODUCT FROM DATABASE: 
**** Product Id: 1690
**** Title: Bizcocho Pasta De Huevo / El Canario Roller / Criadero Lanús - $ 19,90 en MercadoLibre
**** Price: $ 19.9
**** Sold: 4
**** Max Sales: 0 Date 2011-09-06
**** Min Sales: 0 Date 2011-09-06
**** Link: http://articulo.mercadolibre.com.ar/MLA-125894205-bizcocho-pasta-de-huevo-el-canario-roller-criadero-lanus-_JM
**** Updated: 2011-09-06
update crawler set sold=4,maxsoldday=0,leastsoldday=0,updated=DATE(NOW()),localcost=19.9,chinacost=0,maxsolddate='2011-09-06',minsolddate='2011-09-06' where link='http://articulo.mercadolibre.com.ar/MLA-125894205-bizcocho-pasta-de-huevo-el-canario-roller-criadero-lanus-_JM';
Error retriving product
Error retriving product
Error retriving product
Error retriving product
Error retriving product
PRODUCT FROM DATABASE: 
**** Product Id: 1696
**** Title: Vitaminico Sport Palomas Mensajeras - $ 36,90 en MercadoLibre
**** Price: $ 36.9
**** Sold: 0
**** Max Sales: 0 Date 2011-09-04
**** Min Sales: 0 Date 2011-09-04
**** Link: http://articulo.mercadolibre.com.ar/MLA-122741553-vitaminico-sport-palomas-mensajeras-_JM
**** Updated: 2011-09-06
update crawler set sold=0,maxsoldday=0,leastsoldday=0,updated=DATE(NOW()),localcost=36.9,chinacost=0,maxsolddate='2011-09-04',minsolddate='2011-09-04' where link='http://articulo.mercadolibre.com.ar/MLA-122741553-vitaminico-sport-palomas-mensajeras-_JM';
PRODUCT FROM DATABASE: 
**** Product Id: 1697
**** Title: Maiz Molido - $ 45,00 en MercadoLibre
**** Price: $ 45
**** Sold: 3
**** Max Sales: 0 Date 2011-09-04
**** Min Sales: 0 Date 2011-09-04
**** Link: http://articulo.mercadolibre.com.ar/MLA-124886689-maiz-molido-_JM
**** Updated: 2011-09-06
update crawler set sold=3,maxsoldday=0,leastsoldday=0,updated=DATE(NOW()),localcost=45.0,chinacost=0,maxsolddate='2011-09-04',minsolddate='2011-09-04' where link='http://articulo.mercadolibre.com.ar/MLA-124886689-maiz-molido-_JM';
PRODUCT FROM DATABASE: 
**** Product Id: 1698
**** Title: Bebederos De Pollitos Bb Bulto X 25 Unidades $ 200 - $ 200,00 en MercadoLibre
**** Price: $ 200
**** Sold: 8
**** Max Sales: 0 Date 2011-09-04
**** Min Sales: 0 Date 2011-09-04
**** Link: http://articulo.mercadolibre.com.ar/MLA-121028159-bebederos-de-pollitos-bb-bulto-x-25-unidades-200-_JM
**** Updated: 2011-09-06
update crawler set sold=9,maxsoldday=1,leastsoldday=1,updated=DATE(NOW()),localcost=200.0,chinacost=0,maxsolddate=DATE(NOW()),minsolddate='2011-09-04' where link='http://articulo.mercadolibre.com.ar/MLA-121028159-bebederos-de-pollitos-bb-bulto-x-25-unidades-200-_JM';
PRODUCT FROM DATABASE: 
**** Product Id: 1699
**** Title: Alimento Balanceado Para Codorniz Ponedora Hoffmann - $ 50,00 en MercadoLibre
**** Price: $ 50
**** Sold: 5
**** Max Sales: 0 Date 2011-09-04
**** Min Sales: 0 Date 2011-09-04
**** Link: http://articulo.mercadolibre.com.ar/MLA-124938385-alimento-balanceado-para-codorniz-ponedora-hoffmann-_JM
**** Updated: 2011-09-06
update crawler set sold=5,maxsoldday=0,leastsoldday=0,updated=DATE(NOW()),localcost=50.0,chinacost=0,maxsolddate='2011-09-04',minsolddate='2011-09-04' where link='http://articulo.mercadolibre.com.ar/MLA-124938385-alimento-balanceado-para-codorniz-ponedora-hoffmann-_JM';
PRODUCT FROM DATABASE: 
**** Product Id: 1700
**** Title: Tenebrios X150 $15.00 Mejor Precio!!! Acuario El Faro1 - $ 15,00 en MercadoLibre
**** Price: $ 15
**** Sold: 3
**** Max Sales: 0 Date 2011-09-04
**** Min Sales: 0 Date 2011-09-04
**** Link: http://articulo.mercadolibre.com.ar/MLA-120997663-tenebrios-x150-1500-mejor-precio-acuario-el-faro1-_JM
**** Updated: 2011-09-06
update crawler set sold=3,maxsoldday=0,leastsoldday=0,updated=DATE(NOW()),localcost=15.0,chinacost=0,maxsolddate='2011-09-04',minsolddate='2011-09-04' where link='http://articulo.mercadolibre.com.ar/MLA-120997663-tenebrios-x150-1500-mejor-precio-acuario-el-faro1-_JM';
PRODUCT FROM DATABASE: 
**** Product Id: 1701
**** Title: Sepias Importadas De Japon - $ 15,00 en MercadoLibre
**** Price: $ 15
**** Sold: 6
**** Max Sales: 0 Date 2011-09-04
**** Min Sales: 0 Date 2011-09-04
**** Link: http://articulo.mercadolibre.com.ar/MLA-125874043-sepias-importadas-de-japon-_JM
**** Updated: 2011-09-06
update crawler set sold=6,maxsoldday=0,leastsoldday=0,updated=DATE(NOW()),localcost=15.0,chinacost=0,maxsolddate='2011-09-04',minsolddate='2011-09-04' where link='http://articulo.mercadolibre.com.ar/MLA-125874043-sepias-importadas-de-japon-_JM';
PRODUCT FROM DATABASE: 
**** Product Id: 1702
**** Title: Alimento Vivo; Promo :100 Tenebrios A $ 12 - $ 10,00 en MercadoLibre
**** Price: $ 10
**** Sold: 0
**** Max Sales: 0 Date 2011-09-04
**** Min Sales: 0 Date 2011-09-04
**** Link: http://articulo.mercadolibre.com.ar/MLA-123595683-alimento-vivo-promo-100-tenebrios-a-12-_JM
**** Updated: 2011-09-06
update crawler set sold=0,maxsoldday=0,leastsoldday=0,updated=DATE(NOW()),localcost=10.0,chinacost=0,maxsolddate='2011-09-04',minsolddate='2011-09-04' where link='http://articulo.mercadolibre.com.ar/MLA-123595683-alimento-vivo-promo-100-tenebrios-a-12-_JM';
PRODUCT FROM DATABASE: 
**** Product Id: 1703
**** Title: Mezcla Para Canarios Roller ( Alpiste Colza Lino Avena ) - $ 5,00 en MercadoLibre
**** Price: $ 5
**** Sold: 0
**** Max Sales: 0 Date 2011-09-04
**** Min Sales: 0 Date 2011-09-04
**** Link: http://articulo.mercadolibre.com.ar/MLA-123370198-mezcla-para-canarios-roller-alpiste-colza-lino-avena--_JM
**** Updated: 2011-09-06
update crawler set sold=0,maxsoldday=0,leastsoldday=0,updated=DATE(NOW()),localcost=5.0,chinacost=0,maxsolddate='2011-09-04',minsolddate='2011-09-04' where link='http://articulo.mercadolibre.com.ar/MLA-123370198-mezcla-para-canarios-roller-alpiste-colza-lino-avena--_JM';
PRODUCT FROM DATABASE: 
**** Product Id: 1704
**** Title: Tenebrios X 100 A $12 - $ 12,00 en MercadoLibre
**** Price: $ 12
**** Sold: 3
**** Max Sales: 0 Date 2011-09-06
**** Min Sales: 0 Date 2011-09-06
**** Link: http://articulo.mercadolibre.com.ar/MLA-123380237-tenebrios-x-100-a-12-_JM
**** Updated: 2011-09-06
update crawler set sold=5,maxsoldday=2,leastsoldday=2,updated=DATE(NOW()),localcost=12.0,chinacost=0,maxsolddate=DATE(NOW()),minsolddate='2011-09-06' where link='http://articulo.mercadolibre.com.ar/MLA-123380237-tenebrios-x-100-a-12-_JM';
PRODUCT FROM DATABASE: 
**** Product Id: 1705
**** Title: *alimento Para Aves: Lombrices Rojas Californianas * - $ 5,00 en MercadoLibre
**** Price: $ 5
**** Sold: 5
**** Max Sales: 0 Date 2011-09-04
**** Min Sales: 0 Date 2011-09-04
**** Link: http://articulo.mercadolibre.com.ar/MLA-121562606-alimento-para-aves-lombrices-rojas-californianas--_JM
**** Updated: 2011-09-06
update crawler set sold=5,maxsoldday=0,leastsoldday=0,updated=DATE(NOW()),localcost=5.0,chinacost=0,maxsolddate='2011-09-04',minsolddate='2011-09-04' where link='http://articulo.mercadolibre.com.ar/MLA-121562606-alimento-para-aves-lombrices-rojas-californianas--_JM';
PRODUCT FROM DATABASE: 
**** Product Id: 1706
**** Title: Lombrices Rojas Californianas En Lanús Envios A Todo El Pais - $ 10,00 en MercadoLibre
**** Price: $ 10
**** Sold: 2
**** Max Sales: 0 Date 2011-09-04
**** Min Sales: 0 Date 2011-09-04
**** Link: http://articulo.mercadolibre.com.ar/MLA-119522913-lombrices-rojas-californianas-en-lanus-envios-a-todo-el-pais-_JM
**** Updated: 2011-09-06
update crawler set sold=2,maxsoldday=0,leastsoldday=0,updated=DATE(NOW()),localcost=10.0,chinacost=0,maxsolddate='2011-09-04',minsolddate='2011-09-04' where link='http://articulo.mercadolibre.com.ar/MLA-119522913-lombrices-rojas-californianas-en-lanus-envios-a-todo-el-pais-_JM';
PRODUCT FROM DATABASE: 
**** Product Id: 1707
**** Title: Tenebrios Molitor - $ ,10 en MercadoLibre
**** Price: $ 0.1
**** Sold: 2
**** Max Sales: 0 Date 2011-09-04
**** Min Sales: 0 Date 2011-09-04
**** Link: http://articulo.mercadolibre.com.ar/MLA-121610399-tenebrios-molitor-_JM
**** Updated: 2011-09-06
update crawler set sold=3,maxsoldday=1,leastsoldday=1,updated=DATE(NOW()),localcost=0.1,chinacost=0,maxsolddate=DATE(NOW()),minsolddate='2011-09-04' where link='http://articulo.mercadolibre.com.ar/MLA-121610399-tenebrios-molitor-_JM';
PRODUCT FROM DATABASE: 
**** Product Id: 1708
**** Title: Girasol Confitero - $ 4,50 en MercadoLibre
**** Price: $ 4.5
**** Sold: 0
**** Max Sales: 0 Date 2011-09-04
**** Min Sales: 0 Date 2011-09-04
**** Link: http://articulo.mercadolibre.com.ar/MLA-123237242-girasol-confitero-_JM
**** Updated: 2011-09-06
update crawler set sold=0,maxsoldday=0,leastsoldday=0,updated=DATE(NOW()),localcost=4.5,chinacost=0,maxsolddate='2011-09-04',minsolddate='2011-09-04' where link='http://articulo.mercadolibre.com.ar/MLA-123237242-girasol-confitero-_JM';
PRODUCT FROM DATABASE: 
**** Product Id: 1709
**** Title: Venta De Huevos Por Mayor Y Menor En Estuches Y Maples - $ 120,00 en MercadoLibre
**** Price: $ 120
**** Sold: 0
**** Max Sales: 0 Date 2011-09-04
**** Min Sales: 0 Date 2011-09-04
**** Link: http://articulo.mercadolibre.com.ar/MLA-121650391-venta-de-huevos-por-mayor-y-menor-en-estuches-y-maples-_JM
**** Updated: 2011-09-06
update crawler set sold=0,maxsoldday=0,leastsoldday=0,updated=DATE(NOW()),localcost=120.0,chinacost=0,maxsolddate='2011-09-04',minsolddate='2011-09-04' where link='http://articulo.mercadolibre.com.ar/MLA-121650391-venta-de-huevos-por-mayor-y-menor-en-estuches-y-maples-_JM';
PRODUCT FROM DATABASE: 
**** Product Id: 1710
**** Title: Maiz - $ 50,00 en MercadoLibre
**** Price: $ 50
**** Sold: 0
**** Max Sales: 0 Date 2011-09-04
**** Min Sales: 0 Date 2011-09-04
**** Link: http://articulo.mercadolibre.com.ar/MLA-120913736-maiz-_JM
**** Updated: 2011-09-06
update crawler set sold=0,maxsoldday=0,leastsoldday=0,updated=DATE(NOW()),localcost=50.0,chinacost=0,maxsolddate='2011-09-04',minsolddate='2011-09-04' where link='http://articulo.mercadolibre.com.ar/MLA-120913736-maiz-_JM';
PRODUCT FROM DATABASE: 
**** Product Id: 1711
**** Title: Alimento Para Pollos Gallinas Pavos Patos Conejos Y Mas - $ 45,00 en MercadoLibre
**** Price: $ 45
**** Sold: 0
**** Max Sales: 0 Date 2011-09-04
**** Min Sales: 0 Date 2011-09-04
**** Link: http://articulo.mercadolibre.com.ar/MLA-123914630-alimento-para-pollos-gallinas-pavos-patos-conejos-y-mas-_JM
**** Updated: 2011-09-06
update crawler set sold=0,maxsoldday=0,leastsoldday=0,updated=DATE(NOW()),localcost=45.0,chinacost=0,maxsolddate='2011-09-04',minsolddate='2011-09-04' where link='http://articulo.mercadolibre.com.ar/MLA-123914630-alimento-para-pollos-gallinas-pavos-patos-conejos-y-mas-_JM';
PRODUCT FROM DATABASE: 
**** Product Id: 1712
**** Title: Maiz Entero Bolsa X 40 Kilos - $ 55,00 en MercadoLibre
**** Price: $ 55
**** Sold: 0
**** Max Sales: 0 Date 2011-09-04
**** Min Sales: 0 Date 2011-09-04
**** Link: http://articulo.mercadolibre.com.ar/MLA-123904411-maiz-entero-bolsa-x-40-kilos-_JM
**** Updated: 2011-09-06
update crawler set sold=0,maxsoldday=0,leastsoldday=0,updated=DATE(NOW()),localcost=55.0,chinacost=0,maxsolddate='2011-09-04',minsolddate='2011-09-04' where link='http://articulo.mercadolibre.com.ar/MLA-123904411-maiz-entero-bolsa-x-40-kilos-_JM';
PRODUCT FROM DATABASE: 
**** Product Id: 1713
**** Title: Mezcla Para Exoticos Y Pequeñas Aves - $ 30,00 en MercadoLibre
**** Price: $ 30
**** Sold: 0
**** Max Sales: 0 Date 2011-09-04
**** Min Sales: 0 Date 2011-09-04
**** Link: http://articulo.mercadolibre.com.ar/MLA-122534126-mezcla-para-exoticos-y-pequenas-aves-_JM
**** Updated: 2011-09-06
update crawler set sold=0,maxsoldday=0,leastsoldday=0,updated=DATE(NOW()),localcost=30.0,chinacost=0,maxsolddate='2011-09-04',minsolddate='2011-09-04' where link='http://articulo.mercadolibre.com.ar/MLA-122534126-mezcla-para-exoticos-y-pequenas-aves-_JM';
PRODUCT FROM DATABASE: 
**** Product Id: 1714
**** Title: Bloque Mineral Vitave Factor Rojo Canarios Vit+min+calcio - $ 20,00 en MercadoLibre
**** Price: $ 20
**** Sold: 0
**** Max Sales: 0 Date 2011-09-04
**** Min Sales: 0 Date 2011-09-04
**** Link: http://articulo.mercadolibre.com.ar/MLA-121001709-bloque-mineral-vitave-factor-rojo-canarios-vitmincalcio-_JM
**** Updated: 2011-09-06
update crawler set sold=0,maxsoldday=0,leastsoldday=0,updated=DATE(NOW()),localcost=20.0,chinacost=0,maxsolddate='2011-09-04',minsolddate='2011-09-04' where link='http://articulo.mercadolibre.com.ar/MLA-121001709-bloque-mineral-vitave-factor-rojo-canarios-vitmincalcio-_JM';
PRODUCT FROM DATABASE: 
**** Product Id: 1715
**** Title: Pollos Alimentados Solo A Maíz A $14 Por Kilos - $ 14,00 en MercadoLibre
**** Price: $ 14
**** Sold: 0
**** Max Sales: 0 Date 2011-09-04
**** Min Sales: 0 Date 2011-09-04
**** Link: http://articulo.mercadolibre.com.ar/MLA-122342726-pollos-alimentados-solo-a-maiz-a-14-por-kilos-_JM
**** Updated: 2011-09-06
update crawler set sold=0,maxsoldday=0,leastsoldday=0,updated=DATE(NOW()),localcost=14.0,chinacost=0,maxsolddate='2011-09-04',minsolddate='2011-09-04' where link='http://articulo.mercadolibre.com.ar/MLA-122342726-pollos-alimentados-solo-a-maiz-a-14-por-kilos-_JM';
PRODUCT FROM DATABASE: 
**** Product Id: 1716
**** Title: Tenebrios X150 $ 15,00 Mejor Precio!!! Acuario El Faro1 - $ 15,00 en MercadoLibre
**** Price: $ 15
**** Sold: 0
**** Max Sales: 0 Date 2011-09-04
**** Min Sales: 0 Date 2011-09-04
**** Link: http://articulo.mercadolibre.com.ar/MLA-120997488-tenebrios-x150-1500-mejor-precio-acuario-el-faro1-_JM
**** Updated: 2011-09-06
update crawler set sold=0,maxsoldday=0,leastsoldday=0,updated=DATE(NOW()),localcost=15.0,chinacost=0,maxsolddate='2011-09-04',minsolddate='2011-09-04' where link='http://articulo.mercadolibre.com.ar/MLA-120997488-tenebrios-x150-1500-mejor-precio-acuario-el-faro1-_JM';
PRODUCT FROM DATABASE: 
**** Product Id: 1717
**** Title: Alimento Balanceado Para Aves Gallinas Pollos,cereales - $ 45,00 en MercadoLibre
**** Price: $ 45
**** Sold: 0
**** Max Sales: 0 Date 2011-09-04
**** Min Sales: 0 Date 2011-09-04
**** Link: http://articulo.mercadolibre.com.ar/MLA-124147865-alimento-balanceado-para-aves-gallinas-polloscereales-_JM
**** Updated: 2011-09-06
update crawler set sold=0,maxsoldday=0,leastsoldday=0,updated=DATE(NOW()),localcost=45.0,chinacost=0,maxsolddate='2011-09-04',minsolddate='2011-09-04' where link='http://articulo.mercadolibre.com.ar/MLA-124147865-alimento-balanceado-para-aves-gallinas-polloscereales-_JM';
PRODUCT FROM DATABASE: 
**** Product Id: 1718
**** Title: Alimento Balanceado Ponedoras X 25 Kilos - $ 50,00 en MercadoLibre
**** Price: $ 50
**** Sold: 0
**** Max Sales: 0 Date 2011-09-04
**** Min Sales: 0 Date 2011-09-04
**** Link: http://articulo.mercadolibre.com.ar/MLA-123907740-alimento-balanceado-ponedoras-x-25-kilos-_JM
**** Updated: 2011-09-06
update crawler set sold=0,maxsoldday=0,leastsoldday=0,updated=DATE(NOW()),localcost=50.0,chinacost=0,maxsolddate='2011-09-04',minsolddate='2011-09-04' where link='http://articulo.mercadolibre.com.ar/MLA-123907740-alimento-balanceado-ponedoras-x-25-kilos-_JM';
PRODUCT FROM DATABASE: 
**** Product Id: 1719
**** Title: Mijo Bolsa X 30 Kilos - $ 70,00 en MercadoLibre
**** Price: $ 70
**** Sold: 0
**** Max Sales: 0 Date 2011-09-04
**** Min Sales: 0 Date 2011-09-04
**** Link: http://articulo.mercadolibre.com.ar/MLA-123907909-mijo-bolsa-x-30-kilos-_JM
**** Updated: 2011-09-06
update crawler set sold=0,maxsoldday=0,leastsoldday=0,updated=DATE(NOW()),localcost=70.0,chinacost=0,maxsolddate='2011-09-04',minsolddate='2011-09-04' where link='http://articulo.mercadolibre.com.ar/MLA-123907909-mijo-bolsa-x-30-kilos-_JM';
PRODUCT FROM DATABASE: 
**** Product Id: 1720
**** Title: Mijo Bolsa 35kg - $ 3,00 en MercadoLibre
**** Price: $ 3
**** Sold: 0
**** Max Sales: 0 Date 2011-09-04
**** Min Sales: 0 Date 2011-09-04
**** Link: http://articulo.mercadolibre.com.ar/MLA-122340331-mijo-bolsa-35kg-_JM
**** Updated: 2011-09-06
update crawler set sold=0,maxsoldday=0,leastsoldday=0,updated=DATE(NOW()),localcost=3.0,chinacost=0,maxsolddate='2011-09-04',minsolddate='2011-09-04' where link='http://articulo.mercadolibre.com.ar/MLA-122340331-mijo-bolsa-35kg-_JM';
PRODUCT FROM DATABASE: 
**** Product Id: 1721
**** Title: Lombrices Rojas Californianas Fabrica Humus En Tu Casa!!! - $ 10,00 en MercadoLibre
**** Price: $ 10
**** Sold: 0
**** Max Sales: 0 Date 2011-09-04
**** Min Sales: 0 Date 2011-09-04
**** Link: http://articulo.mercadolibre.com.ar/MLA-124235760-lombrices-rojas-californianas-fabrica-humus-en-tu-casa-_JM
**** Updated: 2011-09-06
update crawler set sold=0,maxsoldday=0,leastsoldday=0,updated=DATE(NOW()),localcost=10.0,chinacost=0,maxsolddate='2011-09-04',minsolddate='2011-09-04' where link='http://articulo.mercadolibre.com.ar/MLA-124235760-lombrices-rojas-californianas-fabrica-humus-en-tu-casa-_JM';
PRODUCT FROM DATABASE: 
**** Product Id: 1722
**** Title: Alimento Gallinas Mezcla Bolsa X 24 Kilos - $ 45,00 en MercadoLibre
**** Price: $ 45
**** Sold: 0
**** Max Sales: 0 Date 2011-09-04
**** Min Sales: 0 Date 2011-09-04
**** Link: http://articulo.mercadolibre.com.ar/MLA-123906921-alimento-gallinas-mezcla-bolsa-x-24-kilos-_JM
**** Updated: 2011-09-06
update crawler set sold=0,maxsoldday=0,leastsoldday=0,updated=DATE(NOW()),localcost=45.0,chinacost=0,maxsolddate='2011-09-04',minsolddate='2011-09-04' where link='http://articulo.mercadolibre.com.ar/MLA-123906921-alimento-gallinas-mezcla-bolsa-x-24-kilos-_JM';
PRODUCT FROM DATABASE: 
**** Product Id: 1723
**** Title: Alimento Balanceado Para Codorniz Ponedora Hoffmann - $ 50,00 en MercadoLibre
**** Price: $ 50
**** Sold: 0
**** Max Sales: 0 Date 2011-09-04
**** Min Sales: 0 Date 2011-09-04
**** Link: http://articulo.mercadolibre.com.ar/MLA-124945858-alimento-balanceado-para-codorniz-ponedora-hoffmann-_JM
**** Updated: 2011-09-06
update crawler set sold=0,maxsoldday=0,leastsoldday=0,updated=DATE(NOW()),localcost=50.0,chinacost=0,maxsolddate='2011-09-04',minsolddate='2011-09-04' where link='http://articulo.mercadolibre.com.ar/MLA-124945858-alimento-balanceado-para-codorniz-ponedora-hoffmann-_JM';
PRODUCT FROM DATABASE: 
**** Product Id: 1724
**** Title: Bizcocho Pasta De Huevo Para Canarios Roller Alimento Compl. - $ 17,00 en MercadoLibre
**** Price: $ 17
**** Sold: 0
**** Max Sales: 0 Date 2011-09-04
**** Min Sales: 0 Date 2011-09-04
**** Link: http://articulo.mercadolibre.com.ar/MLA-123956130-bizcocho-pasta-de-huevo-para-canarios-roller-alimento-compl-_JM
**** Updated: 2011-09-06
update crawler set sold=0,maxsoldday=0,leastsoldday=0,updated=DATE(NOW()),localcost=17.0,chinacost=0,maxsolddate='2011-09-04',minsolddate='2011-09-04' where link='http://articulo.mercadolibre.com.ar/MLA-123956130-bizcocho-pasta-de-huevo-para-canarios-roller-alimento-compl-_JM';
PRODUCT FROM DATABASE: 
**** Product Id: 1725
**** Title: Alimento Vivo - $ 15,00 en MercadoLibre
**** Price: $ 15
**** Sold: 0
**** Max Sales: 0 Date 2011-09-04
**** Min Sales: 0 Date 2011-09-04
**** Link: http://articulo.mercadolibre.com.ar/MLA-125011581-alimento-vivo-_JM
**** Updated: 2011-09-06
update crawler set sold=0,maxsoldday=0,leastsoldday=0,updated=DATE(NOW()),localcost=15.0,chinacost=0,maxsolddate='2011-09-04',minsolddate='2011-09-04' where link='http://articulo.mercadolibre.com.ar/MLA-125011581-alimento-vivo-_JM';
PRODUCT FROM DATABASE: 
**** Product Id: 1726
**** Title: Alimento Pajaros Vitaminizado Mil Colores X200gr Amarillo - $ 12,00 en MercadoLibre
**** Price: $ 12
**** Sold: 0
**** Max Sales: 0 Date 2011-09-04
**** Min Sales: 0 Date 2011-09-04
**** Link: http://articulo.mercadolibre.com.ar/MLA-121005366-alimento-pajaros-vitaminizado-mil-colores-x200gr-amarillo-_JM
**** Updated: 2011-09-06
update crawler set sold=0,maxsoldday=0,leastsoldday=0,updated=DATE(NOW()),localcost=12.0,chinacost=0,maxsolddate='2011-09-04',minsolddate='2011-09-04' where link='http://articulo.mercadolibre.com.ar/MLA-121005366-alimento-pajaros-vitaminizado-mil-colores-x200gr-amarillo-_JM';
PRODUCT FROM DATABASE: 
**** Product Id: 1727
**** Title: Pasta De Huevo De Orlux Pote 450 Gramos Loros Y Pericos - $ 40,00 en MercadoLibre
**** Price: $ 40
**** Sold: 0
**** Max Sales: 0 Date 2011-09-04
**** Min Sales: 0 Date 2011-09-04
**** Link: http://articulo.mercadolibre.com.ar/MLA-122134928-pasta-de-huevo-de-orlux-pote-450-gramos-loros-y-pericos-_JM
**** Updated: 2011-09-06
update crawler set sold=0,maxsoldday=0,leastsoldday=0,updated=DATE(NOW()),localcost=40.0,chinacost=0,maxsolddate='2011-09-04',minsolddate='2011-09-04' where link='http://articulo.mercadolibre.com.ar/MLA-122134928-pasta-de-huevo-de-orlux-pote-450-gramos-loros-y-pericos-_JM';
PRODUCT FROM DATABASE: 
**** Product Id: 1728
**** Title: Mezcla Canario - $ 5,00 en MercadoLibre
**** Price: $ 5
**** Sold: 0
**** Max Sales: 0 Date 2011-09-04
**** Min Sales: 0 Date 2011-09-04
**** Link: http://articulo.mercadolibre.com.ar/MLA-122343242-mezcla-canario-_JM
**** Updated: 2011-09-06
update crawler set sold=0,maxsoldday=0,leastsoldday=0,updated=DATE(NOW()),localcost=5.0,chinacost=0,maxsolddate='2011-09-04',minsolddate='2011-09-04' where link='http://articulo.mercadolibre.com.ar/MLA-122343242-mezcla-canario-_JM';
PRODUCT FROM DATABASE: 
**** Product Id: 1729
**** Title: Alimento Balanceado Para Pollos De Engorde X 25 Kilos - $ 50,00 en MercadoLibre
**** Price: $ 50
**** Sold: 0
**** Max Sales: 0 Date 2011-09-04
**** Min Sales: 0 Date 2011-09-04
**** Link: http://articulo.mercadolibre.com.ar/MLA-123907321-alimento-balanceado-para-pollos-de-engorde-x-25-kilos-_JM
**** Updated: 2011-09-06
update crawler set sold=0,maxsoldday=0,leastsoldday=0,updated=DATE(NOW()),localcost=50.0,chinacost=0,maxsolddate='2011-09-04',minsolddate='2011-09-04' where link='http://articulo.mercadolibre.com.ar/MLA-123907321-alimento-balanceado-para-pollos-de-engorde-x-25-kilos-_JM';
PRODUCT FROM DATABASE: 
**** Product Id: 1730
**** Title: Maiz Molido Bolsa 24 Kilos - $ 45,00 en MercadoLibre
**** Price: $ 45
**** Sold: 0
**** Max Sales: 0 Date 2011-09-04
**** Min Sales: 0 Date 2011-09-04
**** Link: http://articulo.mercadolibre.com.ar/MLA-123906624-maiz-molido-bolsa-24-kilos-_JM
**** Updated: 2011-09-06
update crawler set sold=0,maxsoldday=0,leastsoldday=0,updated=DATE(NOW()),localcost=45.0,chinacost=0,maxsolddate='2011-09-04',minsolddate='2011-09-04' where link='http://articulo.mercadolibre.com.ar/MLA-123906624-maiz-molido-bolsa-24-kilos-_JM';
PRODUCT FROM DATABASE: 
**** Product Id: 1731
**** Title: Bloque Mineral Vit-ave Para Aves, Canarios, Vit+min+calcio - $ 18,00 en MercadoLibre
**** Price: $ 18
**** Sold: 0
**** Max Sales: 0 Date 2011-09-04
**** Min Sales: 0 Date 2011-09-04
**** Link: http://articulo.mercadolibre.com.ar/MLA-121004465-bloque-mineral-vit-ave-para-aves-canarios-vitmincalcio-_JM
**** Updated: 2011-09-06
update crawler set sold=0,maxsoldday=0,leastsoldday=0,updated=DATE(NOW()),localcost=18.0,chinacost=0,maxsolddate='2011-09-04',minsolddate='2011-09-04' where link='http://articulo.mercadolibre.com.ar/MLA-121004465-bloque-mineral-vit-ave-para-aves-canarios-vitmincalcio-_JM';
PRODUCT FROM DATABASE: 
**** Product Id: 1732
**** Title: Lombrices Rojas ? Alimento Vivo Para Mascotas - $ 10,00 en MercadoLibre
**** Price: $ 10
**** Sold: 0
**** Max Sales: 0 Date 2011-09-04
**** Min Sales: 0 Date 2011-09-04
**** Link: http://articulo.mercadolibre.com.ar/MLA-122604478-lombrices-rojas-alimento-vivo-para-mascotas-_JM
**** Updated: 2011-09-06
update crawler set sold=0,maxsoldday=0,leastsoldday=0,updated=DATE(NOW()),localcost=10.0,chinacost=0,maxsolddate='2011-09-04',minsolddate='2011-09-04' where link='http://articulo.mercadolibre.com.ar/MLA-122604478-lombrices-rojas-alimento-vivo-para-mascotas-_JM';
PRODUCT FROM DATABASE: 
**** Product Id: 1733
**** Title: Viruta Eucaliptus Seca En Bolsas X Mayor - $ 5,00 en MercadoLibre
**** Price: $ 5
**** Sold: 0
**** Max Sales: 0 Date 2011-09-04
**** Min Sales: 0 Date 2011-09-04
**** Link: http://articulo.mercadolibre.com.ar/MLA-124885182-viruta-eucaliptus-seca-en-bolsas-x-mayor-_JM
**** Updated: 2011-09-06
update crawler set sold=0,maxsoldday=0,leastsoldday=0,updated=DATE(NOW()),localcost=5.0,chinacost=0,maxsolddate='2011-09-04',minsolddate='2011-09-04' where link='http://articulo.mercadolibre.com.ar/MLA-124885182-viruta-eucaliptus-seca-en-bolsas-x-mayor-_JM';
PRODUCT FROM DATABASE: 
**** Product Id: 1734
**** Title: Pollos Alimentados Solo A Maíz A $14 Por Kilos - $ 14,00 en MercadoLibre
**** Price: $ 14
**** Sold: 0
**** Max Sales: 0 Date 2011-09-04
**** Min Sales: 0 Date 2011-09-04
**** Link: http://articulo.mercadolibre.com.ar/MLA-122357932-pollos-alimentados-solo-a-maiz-a-14-por-kilos-_JM
**** Updated: 2011-09-06
update crawler set sold=0,maxsoldday=0,leastsoldday=0,updated=DATE(NOW()),localcost=14.0,chinacost=0,maxsolddate='2011-09-04',minsolddate='2011-09-04' where link='http://articulo.mercadolibre.com.ar/MLA-122357932-pollos-alimentados-solo-a-maiz-a-14-por-kilos-_JM';
PRODUCT FROM DATABASE: 
**** Product Id: 1735
**** Title: 3 Bebederos Automáticos Colgantes. - $ 420,00 en MercadoLibre
**** Price: $ 420
**** Sold: 0
**** Max Sales: 0 Date 2011-09-04
**** Min Sales: 0 Date 2011-09-04
**** Link: http://articulo.mercadolibre.com.ar/MLA-124675344-3-bebederos-automaticos-colgantes-_JM
**** Updated: 2011-09-06
update crawler set sold=0,maxsoldday=0,leastsoldday=0,updated=DATE(NOW()),localcost=420.0,chinacost=0,maxsolddate='2011-09-04',minsolddate='2011-09-04' where link='http://articulo.mercadolibre.com.ar/MLA-124675344-3-bebederos-automaticos-colgantes-_JM';
PRODUCT FROM DATABASE: 
**** Product Id: 1736
**** Title: Mezcla De Semillas Premium Para Loros 2.5 Kg - $ 100,00 en MercadoLibre
**** Price: $ 100
**** Sold: 0
**** Max Sales: 0 Date 2011-09-04
**** Min Sales: 0 Date 2011-09-04
**** Link: http://articulo.mercadolibre.com.ar/MLA-122134924-mezcla-de-semillas-premium-para-loros-25-kg-_JM
**** Updated: 2011-09-06
update crawler set sold=0,maxsoldday=0,leastsoldday=0,updated=DATE(NOW()),localcost=100.0,chinacost=0,maxsolddate='2011-09-04',minsolddate='2011-09-04' where link='http://articulo.mercadolibre.com.ar/MLA-122134924-mezcla-de-semillas-premium-para-loros-25-kg-_JM';
PRODUCT FROM DATABASE: 
**** Product Id: 1737
**** Title: Mezcla De Semillas Premium Para Loros Vesele-laga! - $ 45,00 en MercadoLibre
**** Price: $ 45
**** Sold: 2
**** Max Sales: 0 Date 2011-09-04
**** Min Sales: 0 Date 2011-09-04
**** Link: http://articulo.mercadolibre.com.ar/MLA-125248866-mezcla-de-semillas-premium-para-loros-vesele-laga-_JM
**** Updated: 2011-09-06
update crawler set sold=2,maxsoldday=0,leastsoldday=0,updated=DATE(NOW()),localcost=45.0,chinacost=0,maxsolddate='2011-09-04',minsolddate='2011-09-04' where link='http://articulo.mercadolibre.com.ar/MLA-125248866-mezcla-de-semillas-premium-para-loros-vesele-laga-_JM';
PRODUCT FROM DATABASE: 
**** Product Id: 1738
**** Title: Mezcla De Semillas Premium Para Canarios Vesele-laga! - $ 39,00 en MercadoLibre
**** Price: $ 39
**** Sold: 3
**** Max Sales: 0 Date 2011-09-04
**** Min Sales: 0 Date 2011-09-04
**** Link: http://articulo.mercadolibre.com.ar/MLA-124602776-mezcla-de-semillas-premium-para-canarios-vesele-laga-_JM
**** Updated: 2011-09-06
update crawler set sold=3,maxsoldday=0,leastsoldday=0,updated=DATE(NOW()),localcost=39.0,chinacost=0,maxsolddate='2011-09-04',minsolddate='2011-09-04' where link='http://articulo.mercadolibre.com.ar/MLA-124602776-mezcla-de-semillas-premium-para-canarios-vesele-laga-_JM';
PRODUCT FROM DATABASE: 
**** Product Id: 1739
**** Title: Pasta De Huevo Amarilla Premium Orlux! Mejor Que Cede! - $ 53,00 en MercadoLibre
**** Price: $ 53
**** Sold: 2
**** Max Sales: 0 Date 2011-09-04
**** Min Sales: 0 Date 2011-09-04
**** Link: http://articulo.mercadolibre.com.ar/MLA-122321694-pasta-de-huevo-amarilla-premium-orlux-mejor-que-cede-_JM
**** Updated: 2011-09-06
update crawler set sold=2,maxsoldday=0,leastsoldday=0,updated=DATE(NOW()),localcost=53.0,chinacost=0,maxsolddate='2011-09-04',minsolddate='2011-09-04' where link='http://articulo.mercadolibre.com.ar/MLA-122321694-pasta-de-huevo-amarilla-premium-orlux-mejor-que-cede-_JM';
PRODUCT FROM DATABASE: 
**** Product Id: 1740
**** Title: Gallos De Campo - $ 80,00 en MercadoLibre
**** Price: $ 80
**** Sold: 5
**** Max Sales: 0 Date 2011-09-04
**** Min Sales: 0 Date 2011-09-04
**** Link: http://articulo.mercadolibre.com.ar/MLA-123708867-gallos-de-campo-_JM
**** Updated: 2011-09-06
update crawler set sold=9,maxsoldday=4,leastsoldday=4,updated=DATE(NOW()),localcost=80.0,chinacost=0,maxsolddate=DATE(NOW()),minsolddate='2011-09-04' where link='http://articulo.mercadolibre.com.ar/MLA-123708867-gallos-de-campo-_JM';
PRODUCT FROM DATABASE: 
**** Product Id: 1741
**** Title: Antiparasitario Interno Ruminal Aves - $ 29,90 en MercadoLibre
**** Price: $ 29.9
**** Sold: 0
**** Max Sales: 0 Date 2011-09-04
**** Min Sales: 0 Date 2011-09-04
**** Link: http://articulo.mercadolibre.com.ar/MLA-122028886-antiparasitario-interno-ruminal-aves-_JM
**** Updated: 2011-09-06
update crawler set sold=0,maxsoldday=0,leastsoldday=0,updated=DATE(NOW()),localcost=29.9,chinacost=0,maxsolddate='2011-09-04',minsolddate='2011-09-04' where link='http://articulo.mercadolibre.com.ar/MLA-122028886-antiparasitario-interno-ruminal-aves-_JM';
PRODUCT FROM DATABASE: 
**** Product Id: 1742
**** Title: Bebederos Automaticos Para Codorniz - $ 18,00 en MercadoLibre
**** Price: $ 18
**** Sold: 2
**** Max Sales: 0 Date 2011-09-04
**** Min Sales: 0 Date 2011-09-04
**** Link: http://articulo.mercadolibre.com.ar/MLA-121426767-bebederos-automaticos-para-codorniz-_JM
**** Updated: 2011-09-06
update crawler set sold=2,maxsoldday=0,leastsoldday=0,updated=DATE(NOW()),localcost=18.0,chinacost=0,maxsolddate='2011-09-04',minsolddate='2011-09-04' where link='http://articulo.mercadolibre.com.ar/MLA-121426767-bebederos-automaticos-para-codorniz-_JM';
PRODUCT FROM DATABASE: 
**** Product Id: 1743
**** Title: Canarios Gloster Adultos Y Pichones Excelente Linea!! - $ 130,00 en MercadoLibre
**** Price: $ 130
**** Sold: 0
**** Max Sales: 0 Date 2011-09-04
**** Min Sales: 0 Date 2011-09-04
**** Link: http://articulo.mercadolibre.com.ar/MLA-124982259-canarios-gloster-adultos-y-pichones-excelente-linea-_JM
**** Updated: 2011-09-06
update crawler set sold=2,maxsoldday=2,leastsoldday=2,updated=DATE(NOW()),localcost=130.0,chinacost=0,maxsolddate=DATE(NOW()),minsolddate='2011-09-04' where link='http://articulo.mercadolibre.com.ar/MLA-124982259-canarios-gloster-adultos-y-pichones-excelente-linea-_JM';
PRODUCT FROM DATABASE: 
**** Product Id: 1744
**** Title: Pollitos Bebe Doble Pechuga!!! - $ 5,00 en MercadoLibre
**** Price: $ 5
**** Sold: 18
**** Max Sales: 0 Date 2011-09-06
**** Min Sales: 0 Date 2011-09-06
**** Link: http://articulo.mercadolibre.com.ar/MLA-122763383-pollitos-bebe-doble-pechuga-_JM
**** Updated: 2011-09-06
update crawler set sold=18,maxsoldday=0,leastsoldday=0,updated=DATE(NOW()),localcost=5.0,chinacost=0,maxsolddate='2011-09-06',minsolddate='2011-09-06' where link='http://articulo.mercadolibre.com.ar/MLA-122763383-pollitos-bebe-doble-pechuga-_JM';
PRODUCT FROM DATABASE: 
**** Product Id: 1745
**** Title: Vita Ave Protector-protege Parasitos Externos - $ 22,00 en MercadoLibre
**** Price: $ 22
**** Sold: 0
**** Max Sales: 0 Date 2011-09-04
**** Min Sales: 0 Date 2011-09-04
**** Link: http://articulo.mercadolibre.com.ar/MLA-122091777-vita-ave-protector-protege-parasitos-externos-_JM
**** Updated: 2011-09-06
update crawler set sold=0,maxsoldday=0,leastsoldday=0,updated=DATE(NOW()),localcost=22.0,chinacost=0,maxsolddate='2011-09-04',minsolddate='2011-09-04' where link='http://articulo.mercadolibre.com.ar/MLA-122091777-vita-ave-protector-protege-parasitos-externos-_JM';
PRODUCT FROM DATABASE: 
**** Product Id: 1746
**** Title: Vita Respiratorio Colombo Palomas Canarios - $ 36,00 en MercadoLibre
**** Price: $ 36
**** Sold: 0
**** Max Sales: 0 Date 2011-09-04
**** Min Sales: 0 Date 2011-09-04
**** Link: http://articulo.mercadolibre.com.ar/MLA-123748490-vita-respiratorio-colombo-palomas-canarios-_JM
**** Updated: 2011-09-06
update crawler set sold=0,maxsoldday=0,leastsoldday=0,updated=DATE(NOW()),localcost=36.0,chinacost=0,maxsolddate='2011-09-04',minsolddate='2011-09-04' where link='http://articulo.mercadolibre.com.ar/MLA-123748490-vita-respiratorio-colombo-palomas-canarios-_JM';
PRODUCT FROM DATABASE: 
**** Product Id: 1747
**** Title: Huevos De Gallina Para Empollar - $ 2,50 en MercadoLibre
**** Price: $ 2.5
**** Sold: 7
**** Max Sales: 0 Date 2011-09-06
**** Min Sales: 0 Date 2011-09-06
**** Link: http://articulo.mercadolibre.com.ar/MLA-124772900-huevos-de-gallina-para-empollar-_JM
**** Updated: 2011-09-06
update crawler set sold=7,maxsoldday=0,leastsoldday=0,updated=DATE(NOW()),localcost=2.5,chinacost=0,maxsolddate='2011-09-06',minsolddate='2011-09-06' where link='http://articulo.mercadolibre.com.ar/MLA-124772900-huevos-de-gallina-para-empollar-_JM';
PRODUCT FROM DATABASE: 
**** Product Id: 1748
**** Title: Hepatoprotector Palomas Canarios - $ 35,90 en MercadoLibre
**** Price: $ 35.9
**** Sold: 0
**** Max Sales: 0 Date 2011-09-04
**** Min Sales: 0 Date 2011-09-04
**** Link: http://articulo.mercadolibre.com.ar/MLA-123748491-hepatoprotector-palomas-canarios-_JM
**** Updated: 2011-09-06
update crawler set sold=0,maxsoldday=0,leastsoldday=0,updated=DATE(NOW()),localcost=35.9,chinacost=0,maxsolddate='2011-09-04',minsolddate='2011-09-04' where link='http://articulo.mercadolibre.com.ar/MLA-123748491-hepatoprotector-palomas-canarios-_JM';
PRODUCT FROM DATABASE: 
**** Product Id: 1749
**** Title: Gansos - $ 50,00 en MercadoLibre
**** Price: $ 50
**** Sold: 4
**** Max Sales: 0 Date 2011-09-04
**** Min Sales: 0 Date 2011-09-04
**** Link: http://articulo.mercadolibre.com.ar/MLA-123708865-gansos-_JM
**** Updated: 2011-09-06
update crawler set sold=4,maxsoldday=0,leastsoldday=0,updated=DATE(NOW()),localcost=50.0,chinacost=0,maxsolddate='2011-09-04',minsolddate='2011-09-04' where link='http://articulo.mercadolibre.com.ar/MLA-123708865-gansos-_JM';
PRODUCT FROM DATABASE: 
**** Product Id: 1750
**** Title: Antiparasitario Interno Ruminal Aves - $ 29,90 en MercadoLibre
**** Price: $ 29.9
**** Sold: 0
**** Max Sales: 0 Date 2011-09-04
**** Min Sales: 0 Date 2011-09-04
**** Link: http://articulo.mercadolibre.com.ar/MLA-123638153-antiparasitario-interno-ruminal-aves-_JM
**** Updated: 2011-09-06
update crawler set sold=0,maxsoldday=0,leastsoldday=0,updated=DATE(NOW()),localcost=29.9,chinacost=0,maxsolddate='2011-09-04',minsolddate='2011-09-04' where link='http://articulo.mercadolibre.com.ar/MLA-123638153-antiparasitario-interno-ruminal-aves-_JM';
PRODUCT FROM DATABASE: 
**** Product Id: 1751
**** Title: Patos Y Patas Criollos! - $ 50,00 en MercadoLibre
**** Price: $ 50
**** Sold: 5
**** Max Sales: 0 Date 2011-09-04
**** Min Sales: 0 Date 2011-09-04
**** Link: http://articulo.mercadolibre.com.ar/MLA-123708868-patos-y-patas-criollos-_JM
**** Updated: 2011-09-06
update crawler set sold=5,maxsoldday=0,leastsoldday=0,updated=DATE(NOW()),localcost=50.0,chinacost=0,maxsolddate='2011-09-04',minsolddate='2011-09-04' where link='http://articulo.mercadolibre.com.ar/MLA-123708868-patos-y-patas-criollos-_JM';
PRODUCT FROM DATABASE: 
**** Product Id: 1752
**** Title: Gallinas Y Gallos, Sebrin Plateados Y Holandesas Negras - $ 80,00 en MercadoLibre
**** Price: $ 80
**** Sold: 0
**** Max Sales: 0 Date 2011-09-04
**** Min Sales: 0 Date 2011-09-04
**** Link: http://articulo.mercadolibre.com.ar/MLA-124096872-gallinas-y-gallos-sebrin-plateados-y-holandesas-negras-_JM
**** Updated: 2011-09-06
update crawler set sold=0,maxsoldday=0,leastsoldday=0,updated=DATE(NOW()),localcost=80.0,chinacost=0,maxsolddate='2011-09-04',minsolddate='2011-09-04' where link='http://articulo.mercadolibre.com.ar/MLA-124096872-gallinas-y-gallos-sebrin-plateados-y-holandesas-negras-_JM';
PRODUCT FROM DATABASE: 
**** Product Id: 1753
**** Title: Pasta De Huevo Amarilla Premium Orlux! Mejor Que Cede! - $ 53,00 en MercadoLibre
**** Price: $ 53
**** Sold: 0
**** Max Sales: 0 Date 2011-09-04
**** Min Sales: 0 Date 2011-09-04
**** Link: http://articulo.mercadolibre.com.ar/MLA-122354645-pasta-de-huevo-amarilla-premium-orlux-mejor-que-cede-_JM
**** Updated: 2011-09-06
update crawler set sold=0,maxsoldday=0,leastsoldday=0,updated=DATE(NOW()),localcost=53.0,chinacost=0,maxsolddate='2011-09-04',minsolddate='2011-09-04' where link='http://articulo.mercadolibre.com.ar/MLA-122354645-pasta-de-huevo-amarilla-premium-orlux-mejor-que-cede-_JM';
PRODUCT FROM DATABASE: 
**** Product Id: 1754
**** Title: Canarios Pichones Y Adultos! Son Los De La Foto! - $ 75,00 en MercadoLibre
**** Price: $ 75
**** Sold: 4
**** Max Sales: 0 Date 2011-09-06
**** Min Sales: 0 Date 2011-09-06
**** Link: http://articulo.mercadolibre.com.ar/MLA-125919123-canarios-pichones-y-adultos-son-los-de-la-foto-_JM
**** Updated: 2011-09-06
update crawler set sold=4,maxsoldday=0,leastsoldday=0,updated=DATE(NOW()),localcost=75.0,chinacost=0,maxsolddate='2011-09-06',minsolddate='2011-09-06' where link='http://articulo.mercadolibre.com.ar/MLA-125919123-canarios-pichones-y-adultos-son-los-de-la-foto-_JM';
PRODUCT FROM DATABASE: 
**** Product Id: 1755
**** Title: Patitos Criollos Bebe!!! - $ 20,00 en MercadoLibre
**** Price: $ 20
**** Sold: 4
**** Max Sales: 0 Date 2011-09-04
**** Min Sales: 0 Date 2011-09-04
**** Link: http://articulo.mercadolibre.com.ar/MLA-123708864-patitos-criollos-bebe-_JM
**** Updated: 2011-09-06
update crawler set sold=4,maxsoldday=0,leastsoldday=0,updated=DATE(NOW()),localcost=20.0,chinacost=0,maxsolddate='2011-09-04',minsolddate='2011-09-04' where link='http://articulo.mercadolibre.com.ar/MLA-123708864-patitos-criollos-bebe-_JM';
PRODUCT FROM DATABASE: 
**** Product Id: 1756
**** Title: Bebedero Para Colibri - Picaflor Para El Jardin - $ 65,00 en MercadoLibre
**** Price: $ 65
**** Sold: 2
**** Max Sales: 0 Date 2011-09-04
**** Min Sales: 0 Date 2011-09-04
**** Link: http://articulo.mercadolibre.com.ar/MLA-125113285-bebedero-para-colibri-picaflor-para-el-jardin-_JM
**** Updated: 2011-09-06
update crawler set sold=2,maxsoldday=0,leastsoldday=0,updated=DATE(NOW()),localcost=65.0,chinacost=0,maxsolddate='2011-09-04',minsolddate='2011-09-04' where link='http://articulo.mercadolibre.com.ar/MLA-125113285-bebedero-para-colibri-picaflor-para-el-jardin-_JM';
PRODUCT FROM DATABASE: 
**** Product Id: 1757
**** Title: Pigmeas Cochinchina Leonadas - Grices Y Negras - $ 70,00 en MercadoLibre
**** Price: $ 70
**** Sold: 5
**** Max Sales: 0 Date 2011-09-06
**** Min Sales: 0 Date 2011-09-06
**** Link: http://articulo.mercadolibre.com.ar/MLA-122992914-pigmeas-cochinchina-leonadas-grices-y-negras-_JM
**** Updated: 2011-09-06
update crawler set sold=5,maxsoldday=0,leastsoldday=0,updated=DATE(NOW()),localcost=70.0,chinacost=0,maxsolddate='2011-09-06',minsolddate='2011-09-06' where link='http://articulo.mercadolibre.com.ar/MLA-122992914-pigmeas-cochinchina-leonadas-grices-y-negras-_JM';
PRODUCT FROM DATABASE: 
**** Product Id: 1758
**** Title: Mezcla Alpiste Colza Avena Lino Aimento P/ Canarios Roller - $ 6,00 en MercadoLibre
**** Price: $ 6
**** Sold: 0
**** Max Sales: 0 Date 2011-09-04
**** Min Sales: 0 Date 2011-09-04
**** Link: http://articulo.mercadolibre.com.ar/MLA-122989487-mezcla-alpiste-colza-avena-lino-aimento-p-canarios-roller-_JM
**** Updated: 2011-09-06
update crawler set sold=0,maxsoldday=0,leastsoldday=0,updated=DATE(NOW()),localcost=6.0,chinacost=0,maxsolddate='2011-09-04',minsolddate='2011-09-04' where link='http://articulo.mercadolibre.com.ar/MLA-122989487-mezcla-alpiste-colza-avena-lino-aimento-p-canarios-roller-_JM';
PRODUCT FROM DATABASE: 
**** Product Id: 1759
**** Title: Pollas Ponedoras De Alta Postura - $ 35,00 en MercadoLibre
**** Price: $ 35
**** Sold: 0
**** Max Sales: 0 Date 2011-09-04
**** Min Sales: 0 Date 2011-09-04
**** Link: http://articulo.mercadolibre.com.ar/MLA-123053752-pollas-ponedoras-de-alta-postura-_JM
**** Updated: 2011-09-06
update crawler set sold=0,maxsoldday=0,leastsoldday=0,updated=DATE(NOW()),localcost=35.0,chinacost=0,maxsolddate='2011-09-04',minsolddate='2011-09-04' where link='http://articulo.mercadolibre.com.ar/MLA-123053752-pollas-ponedoras-de-alta-postura-_JM';
PRODUCT FROM DATABASE: 
**** Product Id: 1760
**** Title: Canarios 2009 2010. Mutaciones Opalo. - $ 90,00 en MercadoLibre
**** Price: $ 90
**** Sold: 0
**** Max Sales: 0 Date 2011-09-04
**** Min Sales: 0 Date 2011-09-04
**** Link: http://articulo.mercadolibre.com.ar/MLA-124177579-canarios-2009-2010-mutaciones-opalo-_JM
**** Updated: 2011-09-06
update crawler set sold=2,maxsoldday=2,leastsoldday=2,updated=DATE(NOW()),localcost=90.0,chinacost=0,maxsolddate=DATE(NOW()),minsolddate='2011-09-04' where link='http://articulo.mercadolibre.com.ar/MLA-124177579-canarios-2009-2010-mutaciones-opalo-_JM';
PRODUCT FROM DATABASE: 
**** Product Id: 1761
**** Title: Canarios - $ 75,00 en MercadoLibre
**** Price: $ 75
**** Sold: 0
**** Max Sales: 0 Date 2011-09-04
**** Min Sales: 0 Date 2011-09-04
**** Link: http://articulo.mercadolibre.com.ar/MLA-123833217-canarios-_JM
**** Updated: 2011-09-06
update crawler set sold=0,maxsoldday=0,leastsoldday=0,updated=DATE(NOW()),localcost=75.0,chinacost=0,maxsolddate='2011-09-04',minsolddate='2011-09-04' where link='http://articulo.mercadolibre.com.ar/MLA-123833217-canarios-_JM';
PRODUCT FROM DATABASE: 
**** Product Id: 1762
**** Title: Gansos Ocas Adultos Machos Hembras Mansos Criollos T/emden - U$S 18,50 en MercadoLibre
**** Price: U$S 18.5
**** Sold: 0
**** Max Sales: 0 Date 2011-09-04
**** Min Sales: 0 Date 2011-09-04
**** Link: http://articulo.mercadolibre.com.ar/MLA-125547775-gansos-ocas-adultos-machos-hembras-mansos-criollos-temden-_JM
**** Updated: 2011-09-06
update crawler set sold=0,maxsoldday=0,leastsoldday=0,updated=DATE(NOW()),localcost=18.5,chinacost=0,maxsolddate='2011-09-04',minsolddate='2011-09-04' where link='http://articulo.mercadolibre.com.ar/MLA-125547775-gansos-ocas-adultos-machos-hembras-mansos-criollos-temden-_JM';
PRODUCT FROM DATABASE: 
**** Product Id: 1763
**** Title: Pollitos Bebes Doble Pechuga - $ 2,50 en MercadoLibre
**** Price: $ 2.5
**** Sold: 30
**** Max Sales: 0 Date 2011-09-04
**** Min Sales: 0 Date 2011-09-04
**** Link: http://articulo.mercadolibre.com.ar/MLA-121404324-pollitos-bebes-doble-pechuga-_JM
**** Updated: 2011-09-06
update crawler set sold=30,maxsoldday=0,leastsoldday=0,updated=DATE(NOW()),localcost=2.5,chinacost=0,maxsolddate='2011-09-04',minsolddate='2011-09-04' where link='http://articulo.mercadolibre.com.ar/MLA-121404324-pollitos-bebes-doble-pechuga-_JM';
PRODUCT FROM DATABASE: 
**** Product Id: 1764
**** Title: Pollas, Pavos, Patos - $ 80,00 en MercadoLibre
**** Price: $ 80
**** Sold: 0
**** Max Sales: 0 Date 2011-09-04
**** Min Sales: 0 Date 2011-09-04
**** Link: http://articulo.mercadolibre.com.ar/MLA-122191730-pollas-pavos-patos-_JM
**** Updated: 2011-09-06
update crawler set sold=0,maxsoldday=0,leastsoldday=0,updated=DATE(NOW()),localcost=80.0,chinacost=0,maxsolddate='2011-09-04',minsolddate='2011-09-04' where link='http://articulo.mercadolibre.com.ar/MLA-122191730-pollas-pavos-patos-_JM';
PRODUCT FROM DATABASE: 
**** Product Id: 1765
**** Title: Gallinas Holandesas Y Paduanas - $ 80,00 en MercadoLibre
**** Price: $ 80
**** Sold: 3
**** Max Sales: 0 Date 2011-09-04
**** Min Sales: 0 Date 2011-09-04
**** Link: http://articulo.mercadolibre.com.ar/MLA-121726714-gallinas-holandesas-y-paduanas-_JM
**** Updated: 2011-09-06
update crawler set sold=3,maxsoldday=0,leastsoldday=0,updated=DATE(NOW()),localcost=80.0,chinacost=0,maxsolddate='2011-09-04',minsolddate='2011-09-04' where link='http://articulo.mercadolibre.com.ar/MLA-121726714-gallinas-holandesas-y-paduanas-_JM';
PRODUCT FROM DATABASE: 
**** Product Id: 1766
**** Title: Vendo 5 Gallinas - $ 30,00 en MercadoLibre
**** Price: $ 30
**** Sold: 0
**** Max Sales: 0 Date 2011-09-04
**** Min Sales: 0 Date 2011-09-04
**** Link: http://articulo.mercadolibre.com.ar/MLA-125285854-vendo-5-gallinas-_JM
**** Updated: 2011-09-06
update crawler set sold=0,maxsoldday=0,leastsoldday=0,updated=DATE(NOW()),localcost=30.0,chinacost=0,maxsolddate='2011-09-04',minsolddate='2011-09-04' where link='http://articulo.mercadolibre.com.ar/MLA-125285854-vendo-5-gallinas-_JM';
PRODUCT FROM DATABASE: 
**** Product Id: 1767
**** Title: Incubadoras 60 Huevos Para Pollos Patos Faisan Patos Etc - $ 549,00 en MercadoLibre
**** Price: $ 549
**** Sold: 7
**** Max Sales: 0 Date 2011-09-06
**** Min Sales: 0 Date 2011-09-06
**** Link: http://articulo.mercadolibre.com.ar/MLA-119854596-incubadoras-60-huevos-para-pollos-patos-faisan-patos-etc-_JM
**** Updated: 2011-09-06
update crawler set sold=7,maxsoldday=0,leastsoldday=0,updated=DATE(NOW()),localcost=549.0,chinacost=0,maxsolddate='2011-09-06',minsolddate='2011-09-06' where link='http://articulo.mercadolibre.com.ar/MLA-119854596-incubadoras-60-huevos-para-pollos-patos-faisan-patos-etc-_JM';
PRODUCT FROM DATABASE: 
**** Product Id: 1768
**** Title: Incubadora Para Loros Simen Mod. La60. Electronica. - $ 890,00 en MercadoLibre
**** Price: $ 890
**** Sold: 0
**** Max Sales: 0 Date 2011-09-04
**** Min Sales: 0 Date 2011-09-04
**** Link: http://articulo.mercadolibre.com.ar/MLA-123359007-incubadora-para-loros-simen-mod-la60-electronica-_JM
**** Updated: 2011-09-06
update crawler set sold=0,maxsoldday=0,leastsoldday=0,updated=DATE(NOW()),localcost=890.0,chinacost=0,maxsolddate='2011-09-04',minsolddate='2011-09-04' where link='http://articulo.mercadolibre.com.ar/MLA-123359007-incubadora-para-loros-simen-mod-la60-electronica-_JM';
PRODUCT FROM DATABASE: 
**** Product Id: 1769
**** Title: Incubadora 60 Huevos Usada Funcionando Muy Bien 500 $ - $ 500,00 en MercadoLibre
**** Price: $ 500
**** Sold: 0
**** Max Sales: 0 Date 2011-09-04
**** Min Sales: 0 Date 2011-09-04
**** Link: http://articulo.mercadolibre.com.ar/MLA-125589818-incubadora-60-huevos-usada-funcionando-muy-bien-500--_JM
**** Updated: 2011-09-06
update crawler set sold=0,maxsoldday=0,leastsoldday=0,updated=DATE(NOW()),localcost=500.0,chinacost=0,maxsolddate='2011-09-04',minsolddate='2011-09-04' where link='http://articulo.mercadolibre.com.ar/MLA-125589818-incubadora-60-huevos-usada-funcionando-muy-bien-500--_JM';
PRODUCT FROM DATABASE: 
**** Product Id: 1770
**** Title: Incubadoras Simen De Cultivos Vegetales Mod. Super Crop - $ 990,00 en MercadoLibre
**** Price: $ 990
**** Sold: 0
**** Max Sales: 0 Date 2011-09-04
**** Min Sales: 0 Date 2011-09-04
**** Link: http://articulo.mercadolibre.com.ar/MLA-123820445-incubadoras-simen-de-cultivos-vegetales-mod-super-crop-_JM
**** Updated: 2011-09-06
update crawler set sold=0,maxsoldday=0,leastsoldday=0,updated=DATE(NOW()),localcost=990.0,chinacost=0,maxsolddate='2011-09-04',minsolddate='2011-09-04' where link='http://articulo.mercadolibre.com.ar/MLA-123820445-incubadoras-simen-de-cultivos-vegetales-mod-super-crop-_JM';
PRODUCT FROM DATABASE: 
**** Product Id: 1771
**** Title: Incubadora Simen De Cultivos Vegetales Mod. Super Crop - $ 990,00 en MercadoLibre
**** Price: $ 990
**** Sold: 0
**** Max Sales: 0 Date 2011-09-04
**** Min Sales: 0 Date 2011-09-04
**** Link: http://articulo.mercadolibre.com.ar/MLA-124950835-incubadora-simen-de-cultivos-vegetales-mod-super-crop-_JM
**** Updated: 2011-09-06
update crawler set sold=0,maxsoldday=0,leastsoldday=0,updated=DATE(NOW()),localcost=990.0,chinacost=0,maxsolddate='2011-09-04',minsolddate='2011-09-04' where link='http://articulo.mercadolibre.com.ar/MLA-124950835-incubadora-simen-de-cultivos-vegetales-mod-super-crop-_JM';
PRODUCT FROM DATABASE: 
**** Product Id: 1772
**** Title: Incubadora De Todo Tipo De Aves Para 300 Huevos - $ 1.250,01 en MercadoLibre
**** Price: $ 1250.01
**** Sold: 0
**** Max Sales: 0 Date 2011-09-04
**** Min Sales: 0 Date 2011-09-04
**** Link: http://articulo.mercadolibre.com.ar/MLA-121113413-incubadora-de-todo-tipo-de-aves-para-300-huevos-_JM
**** Updated: 2011-09-06
update crawler set sold=0,maxsoldday=0,leastsoldday=0,updated=DATE(NOW()),localcost=1250.01,chinacost=0,maxsolddate='2011-09-04',minsolddate='2011-09-04' where link='http://articulo.mercadolibre.com.ar/MLA-121113413-incubadora-de-todo-tipo-de-aves-para-300-huevos-_JM';
PRODUCT FROM DATABASE: 
**** Product Id: 1773
**** Title: Incubadora Alfa Laval 5000 Huevos Gallina - $ 5.000,00 en MercadoLibre
**** Price: $ 5000
**** Sold: 0
**** Max Sales: 0 Date 2011-09-04
**** Min Sales: 0 Date 2011-09-04
**** Link: http://articulo.mercadolibre.com.ar/MLA-123234148-incubadora-alfa-laval-5000-huevos-gallina-_JM
**** Updated: 2011-09-06
update crawler set sold=0,maxsoldday=0,leastsoldday=0,updated=DATE(NOW()),localcost=5000.0,chinacost=0,maxsolddate='2011-09-04',minsolddate='2011-09-04' where link='http://articulo.merca